2017-12-22 15:43:22,497 [10] INFO jobportal.WebApiApplication - MyPortal
2017-12-27 16:36:16,666 [7] INFO jobportal.WebApiApplication - MyPortal
2017-12-27 16:36:21,953 [7] INFO jobportal.WebApiApplication - MyPortal
2017-12-27 16:39:15,534 [7] INFO jobportal.WebApiApplication - MyPortal
2017-12-27 17:03:18,489 [7] INFO jobportal.WebApiApplication - MyPortal
2017-12-27 17:03:34,264 [10] INFO jobportal.WebApiApplication - MyPortal
2017-12-27 17:37:24,565 [7] INFO jobportal.WebApiApplication - MyPortal
2017-12-27 17:37:47,569 [7] INFO jobportal.WebApiApplication - MyPortal
2017-12-27 17:37:53,761 [7] INFO jobportal.WebApiApplication - MyPortal
2017-12-27 17:55:12,921 [7] INFO jobportal.WebApiApplication - MyPortal
2017-12-27 17:55:16,512 [7] INFO jobportal.WebApiApplication - MyPortal
2017-12-27 17:55:49,013 [11] INFO jobportal.WebApiApplication - MyPortal
2017-12-27 17:55:53,099 [8] INFO jobportal.WebApiApplication - MyPortal
2017-12-28 19:23:46,775 [7] INFO jobportal.WebApiApplication - MyPortal
2017-12-28 19:31:09,636 [5] INFO jobportal.WebApiApplication - MyPortal
2017-12-28 19:31:09,696 [5] DEBUG jobportal.WebApiApplication - MyPortal: {"fullName":"sample","additionalInfo":"dasddasadsfdsfsfew","userImage":{},"carrierObjective":"wefrewrewrewrewr","workHistry":[{"compnayName":"rqwerq","designation":"rewew","timePeriod":{"fromDate":"2017-12-02","toDate":"2017-12-23"},"jobDescription":"ewrerqewrqrqr"}],"educationBackground":[{"instituteName":"qrqwrqwer","degree":"rewqreqwrqw","timePeriod":{"fromDate":"2017-12-08","toDate":"2017-12-15"},"designation":"reqwreqwrqerqe"}],"specialQualification":"eqrwewrewreqwrqer","language":[{"languageName":"rwer","rating":4}],"personalDetails":[{"fullname":"erwwe","fatherName":"qerwqwer","motherName":"qrqwer","dateOfBirth":"2017-12-29","birthPlace":"rqda","nationality":"dwerwe","sex":"rqwq","address":"etrewrtetewtwt"}],"declaration":"ewtwetewtetewtyewteryewty"}
2017-12-28 19:31:09,696 [5] INFO jobportal.WebApiApplication - MyPortal after debug print
2017-12-28 19:31:10,168 [5] ERROR jobportal.WebApiApplication - MyPortal : System.Data.Entity.Infrastructure.DbUpdateException: An error occurred while updating the entries. See the inner exception for details. ---> System.Data.Entity.Core.UpdateException: An error occurred while updating the entries. See the inner exception for details. ---> System.Data.SqlClient.SqlException: The INSERT statement conflicted with the FOREIGN KEY constraint "FK_EducationDetailsMemberID". The conflict occurred in database "jobportal", table "dbo.usertable", column 'PK_UserID'.
The statement has been terminated.
   at System.Data.SqlClient.SqlConnection.OnError(SqlException exception, Boolean breakConnection, Action`1 wrapCloseInAction)
   at System.Data.SqlClient.SqlInternalConnection.OnError(SqlException exception, Boolean breakConnection, Action`1 wrapCloseInAction)
   at System.Data.SqlClient.TdsParser.ThrowExceptionAndWarning(TdsParserStateObject stateObj, Boolean callerHasConnectionLock, Boolean asyncClose)
   at System.Data.SqlClient.TdsParser.TryRun(RunBehavior runBehavior, SqlCommand cmdHandler, SqlDataReader dataStream, BulkCopySimpleResultSet bulkCopyHandler, TdsParserStateObject stateObj, Boolean& dataReady)
   at System.Data.SqlClient.SqlCommand.FinishExecuteReader(SqlDataReader ds, RunBehavior runBehavior, String resetOptionsString, Boolean isInternal, Boolean forDescribeParameterEncryption)
   at System.Data.SqlClient.SqlCommand.RunExecuteReaderTds(CommandBehavior cmdBehavior, RunBehavior runBehavior, Boolean returnStream, Boolean async, Int32 timeout, Task& task, Boolean asyncWrite, Boolean inRetry, SqlDataReader ds, Boolean describeParameterEncryptionRequest)
   at System.Data.SqlClient.SqlCommand.RunExecuteReader(CommandBehavior cmdBehavior, RunBehavior runBehavior, Boolean returnStream, String method, TaskCompletionSource`1 completion, Int32 timeout, Task& task, Boolean& usedCache, Boolean asyncWrite, Boolean inRetry)
   at System.Data.SqlClient.SqlCommand.InternalExecuteNonQuery(TaskCompletionSource`1 completion, String methodName, Boolean sendToPipe, Int32 timeout, Boolean& usedCache, Boolean asyncWrite, Boolean inRetry)
   at System.Data.SqlClient.SqlCommand.ExecuteNonQuery()
   at System.Data.Entity.Infrastructure.Interception.DbCommandDispatcher.<NonQuery>b__0(DbCommand t, DbCommandInterceptionContext`1 c)
   at System.Data.Entity.Infrastructure.Interception.InternalDispatcher`1.Dispatch[TTarget,TInterceptionContext,TResult](TTarget target, Func`3 operation, TInterceptionContext interceptionContext, Action`3 executing, Action`3 executed)
   at System.Data.Entity.Infrastructure.Interception.DbCommandDispatcher.NonQuery(DbCommand command, DbCommandInterceptionContext interceptionContext)
   at System.Data.Entity.Internal.InterceptableDbCommand.ExecuteNonQuery()
   at System.Data.Entity.Core.Mapping.Update.Internal.DynamicUpdateCommand.Execute(Dictionary`2 identifierValues, List`1 generatedValues)
   at System.Data.Entity.Core.Mapping.Update.Internal.UpdateTranslator.Update()
   --- End of inner exception stack trace ---
   at System.Data.Entity.Core.Mapping.Update.Internal.UpdateTranslator.Update()
   at System.Data.Entity.Core.EntityClient.Internal.EntityAdapter.<Update>b__2(UpdateTranslator ut)
   at System.Data.Entity.Core.EntityClient.Internal.EntityAdapter.Update[T](T noChangesResult, Func`2 updateFunction)
   at System.Data.Entity.Core.EntityClient.Internal.EntityAdapter.Update()
   at System.Data.Entity.Core.Objects.ObjectContext.<SaveChangesToStore>b__35()
   at System.Data.Entity.Core.Objects.ObjectContext.ExecuteInTransaction[T](Func`1 func, IDbExecutionStrategy executionStrategy, Boolean startLocalTransaction, Boolean releaseConnectionOnSuccess)
   at System.Data.Entity.Core.Objects.ObjectContext.SaveChangesToStore(SaveOptions options, IDbExecutionStrategy executionStrategy, Boolean startLocalTransaction)
   at System.Data.Entity.Core.Objects.ObjectContext.<>c__DisplayClass2a.<SaveChangesInternal>b__27()
   at System.Data.Entity.SqlServer.DefaultSqlExecutionStrategy.Execute[TResult](Func`1 operation)
   at System.Data.Entity.Core.Objects.ObjectContext.SaveChangesInternal(SaveOptions options, Boolean executeInExistingTransaction)
   at System.Data.Entity.Core.Objects.ObjectContext.SaveChanges(SaveOptions options)
   at System.Data.Entity.Internal.InternalContext.SaveChanges()
   --- End of inner exception stack trace ---
   at System.Data.Entity.Internal.InternalContext.SaveChanges()
   at System.Data.Entity.Internal.LazyInternalContext.SaveChanges()
   at System.Data.Entity.DbContext.SaveChanges()
   at jobportal.Controllers.DefaultController.<MyPortal>d__3.MoveNext() in C:\Users\sampath.k\Documents\Visual Studio 2015\Projects\jobportal\jobportal\Controllers\DefaultController.cs:line 162
2017-12-28 19:31:41,310 [5] INFO jobportal.WebApiApplication - MyPortal
2017-12-28 19:31:43,992 [7] DEBUG jobportal.WebApiApplication - MyPortal: {"fullName":"sample","additionalInfo":"dasddasadsfdsfsfew","userImage":{},"carrierObjective":"wefrewrewrewrewr","workHistry":[{"compnayName":"rqwerq","designation":"rewew","timePeriod":{"fromDate":"2017-12-02","toDate":"2017-12-23"},"jobDescription":"ewrerqewrqrqr"}],"educationBackground":[{"instituteName":"qrqwrqwer","degree":"rewqreqwrqw","timePeriod":{"fromDate":"2017-12-08","toDate":"2017-12-15"},"designation":"reqwreqwrqerqe"}],"specialQualification":"eqrwewrewreqwrqer","language":[{"languageName":"rwer","rating":4}],"personalDetails":[{"fullname":"erwwe","fatherName":"qerwqwer","motherName":"qrqwer","dateOfBirth":"2017-12-29","birthPlace":"rqda","nationality":"dwerwe","sex":"rqwq","address":"etrewrtetewtwt"}],"declaration":"ewtwetewtetewtyewteryewty"}
2017-12-28 19:31:44,530 [7] INFO jobportal.WebApiApplication - MyPortal after debug print
2017-12-28 19:47:52,812 [7] ERROR jobportal.WebApiApplication - MyPortal : System.Data.Entity.Infrastructure.DbUpdateException: An error occurred while updating the entries. See the inner exception for details. ---> System.Data.Entity.Core.UpdateException: An error occurred while updating the entries. See the inner exception for details. ---> System.Data.SqlClient.SqlException: The INSERT statement conflicted with the FOREIGN KEY constraint "FK_EducationDetailsMemberID". The conflict occurred in database "jobportal", table "dbo.usertable", column 'PK_UserID'.
The statement has been terminated.
   at System.Data.SqlClient.SqlConnection.OnError(SqlException exception, Boolean breakConnection, Action`1 wrapCloseInAction)
   at System.Data.SqlClient.SqlInternalConnection.OnError(SqlException exception, Boolean breakConnection, Action`1 wrapCloseInAction)
   at System.Data.SqlClient.TdsParser.ThrowExceptionAndWarning(TdsParserStateObject stateObj, Boolean callerHasConnectionLock, Boolean asyncClose)
   at System.Data.SqlClient.TdsParser.TryRun(RunBehavior runBehavior, SqlCommand cmdHandler, SqlDataReader dataStream, BulkCopySimpleResultSet bulkCopyHandler, TdsParserStateObject stateObj, Boolean& dataReady)
   at System.Data.SqlClient.SqlCommand.FinishExecuteReader(SqlDataReader ds, RunBehavior runBehavior, String resetOptionsString, Boolean isInternal, Boolean forDescribeParameterEncryption)
   at System.Data.SqlClient.SqlCommand.RunExecuteReaderTds(CommandBehavior cmdBehavior, RunBehavior runBehavior, Boolean returnStream, Boolean async, Int32 timeout, Task& task, Boolean asyncWrite, Boolean inRetry, SqlDataReader ds, Boolean describeParameterEncryptionRequest)
   at System.Data.SqlClient.SqlCommand.RunExecuteReader(CommandBehavior cmdBehavior, RunBehavior runBehavior, Boolean returnStream, String method, TaskCompletionSource`1 completion, Int32 timeout, Task& task, Boolean& usedCache, Boolean asyncWrite, Boolean inRetry)
   at System.Data.SqlClient.SqlCommand.InternalExecuteNonQuery(TaskCompletionSource`1 completion, String methodName, Boolean sendToPipe, Int32 timeout, Boolean& usedCache, Boolean asyncWrite, Boolean inRetry)
   at System.Data.SqlClient.SqlCommand.ExecuteNonQuery()
   at System.Data.Entity.Infrastructure.Interception.DbCommandDispatcher.<NonQuery>b__0(DbCommand t, DbCommandInterceptionContext`1 c)
   at System.Data.Entity.Infrastructure.Interception.InternalDispatcher`1.Dispatch[TTarget,TInterceptionContext,TResult](TTarget target, Func`3 operation, TInterceptionContext interceptionContext, Action`3 executing, Action`3 executed)
   at System.Data.Entity.Infrastructure.Interception.DbCommandDispatcher.NonQuery(DbCommand command, DbCommandInterceptionContext interceptionContext)
   at System.Data.Entity.Internal.InterceptableDbCommand.ExecuteNonQuery()
   at System.Data.Entity.Core.Mapping.Update.Internal.DynamicUpdateCommand.Execute(Dictionary`2 identifierValues, List`1 generatedValues)
   at System.Data.Entity.Core.Mapping.Update.Internal.UpdateTranslator.Update()
   --- End of inner exception stack trace ---
   at System.Data.Entity.Core.Mapping.Update.Internal.UpdateTranslator.Update()
   at System.Data.Entity.Core.EntityClient.Internal.EntityAdapter.<Update>b__2(UpdateTranslator ut)
   at System.Data.Entity.Core.EntityClient.Internal.EntityAdapter.Update[T](T noChangesResult, Func`2 updateFunction)
   at System.Data.Entity.Core.EntityClient.Internal.EntityAdapter.Update()
   at System.Data.Entity.Core.Objects.ObjectContext.<SaveChangesToStore>b__35()
   at System.Data.Entity.Core.Objects.ObjectContext.ExecuteInTransaction[T](Func`1 func, IDbExecutionStrategy executionStrategy, Boolean startLocalTransaction, Boolean releaseConnectionOnSuccess)
   at System.Data.Entity.Core.Objects.ObjectContext.SaveChangesToStore(SaveOptions options, IDbExecutionStrategy executionStrategy, Boolean startLocalTransaction)
   at System.Data.Entity.Core.Objects.ObjectContext.<>c__DisplayClass2a.<SaveChangesInternal>b__27()
   at System.Data.Entity.SqlServer.DefaultSqlExecutionStrategy.Execute[TResult](Func`1 operation)
   at System.Data.Entity.Core.Objects.ObjectContext.SaveChangesInternal(SaveOptions options, Boolean executeInExistingTransaction)
   at System.Data.Entity.Core.Objects.ObjectContext.SaveChanges(SaveOptions options)
   at System.Data.Entity.Internal.InternalContext.SaveChanges()
   --- End of inner exception stack trace ---
   at System.Data.Entity.Internal.InternalContext.SaveChanges()
   at System.Data.Entity.Internal.LazyInternalContext.SaveChanges()
   at System.Data.Entity.DbContext.SaveChanges()
   at jobportal.Controllers.DefaultController.<MyPortal>d__3.MoveNext() in C:\Users\sampath.k\Documents\Visual Studio 2015\Projects\jobportal\jobportal\Controllers\DefaultController.cs:line 162
2017-12-28 19:47:57,102 [12] INFO jobportal.WebApiApplication - MyPortal
2017-12-28 19:48:01,031 [5] INFO jobportal.WebApiApplication - MyPortal
2017-12-28 19:48:06,950 [7] DEBUG jobportal.WebApiApplication - MyPortal: {"fullName":"rer","additionalInfo":"werwererewr","userImage":{},"carrierObjective":"erwerewreewrewr","workHistry":[{"compnayName":"er","designation":"erew","timePeriod":{"fromDate":"2017-12-20","toDate":"2017-12-21"},"jobDescription":"wererew"}],"educationBackground":[{"instituteName":"wer","degree":"wer","timePeriod":{"fromDate":"2017-12-13","toDate":"2017-12-28"},"designation":"ewrewrewrewr"}],"specialQualification":"ewrwerewrewr","language":[{"languageName":"werewr","rating":3}],"personalDetails":[{"fullname":"werewr","fatherName":"werewr","motherName":"rwewre","dateOfBirth":"2017-12-21","birthPlace":"werewr","nationality":"ewrewr","sex":"wer","address":"werewrewrerewrewr"}],"declaration":"werewrewrewrewrerewrerr"}
2017-12-28 19:48:07,440 [7] INFO jobportal.WebApiApplication - MyPortal after debug print
2017-12-28 19:48:07,871 [17] DEBUG jobportal.WebApiApplication - MyPortal: {"fullName":"rer","additionalInfo":"werwererewr","userImage":{},"carrierObjective":"erwerewreewrewr","workHistry":[{"compnayName":"er","designation":"erew","timePeriod":{"fromDate":"2017-12-20","toDate":"2017-12-21"},"jobDescription":"wererew"}],"educationBackground":[{"instituteName":"wer","degree":"wer","timePeriod":{"fromDate":"2017-12-13","toDate":"2017-12-28"},"designation":"ewrewrewrewr"}],"specialQualification":"ewrwerewrewr","language":[{"languageName":"werewr","rating":3}],"personalDetails":[{"fullname":"werewr","fatherName":"werewr","motherName":"rwewre","dateOfBirth":"2017-12-21","birthPlace":"werewr","nationality":"ewrewr","sex":"wer","address":"werewrewrerewrewr"}],"declaration":"werewrewrewrewrerewrerr"}
2017-12-28 19:48:08,233 [17] INFO jobportal.WebApiApplication - MyPortal after debug print
2017-12-28 19:48:50,497 [8] INFO jobportal.WebApiApplication - MyPortal
2017-12-28 19:48:53,774 [7] DEBUG jobportal.WebApiApplication - MyPortal: {"fullName":"rer","additionalInfo":"werwererewr","userImage":{},"carrierObjective":"erwerewreewrewr","workHistry":[{"compnayName":"er","designation":"erew","timePeriod":{"fromDate":"2017-12-20","toDate":"2017-12-21"},"jobDescription":"wererew"}],"educationBackground":[{"instituteName":"wer","degree":"wer","timePeriod":{"fromDate":"2017-12-13","toDate":"2017-12-28"},"designation":"ewrewrewrewr"}],"specialQualification":"ewrwerewrewr","language":[{"languageName":"werewr","rating":3}],"personalDetails":[{"fullname":"werewr","fatherName":"werewr","motherName":"rwewre","dateOfBirth":"2017-12-21","birthPlace":"werewr","nationality":"ewrewr","sex":"wer","address":"werewrewrerewrewr"}],"declaration":"werewrewrewrewrerewrerr"}
2017-12-28 19:48:54,274 [7] INFO jobportal.WebApiApplication - MyPortal after debug print
2017-12-28 19:55:19,008 [11] INFO jobportal.WebApiApplication - MyPortal
2017-12-28 19:55:19,083 [7] DEBUG jobportal.WebApiApplication - MyPortal: {"fullName":"rer","additionalInfo":"werwererewr","userImage":{},"carrierObjective":"erwerewreewrewr","workHistry":[{"compnayName":"er","designation":"erew","timePeriod":{"fromDate":"2017-12-20","toDate":"2017-12-21"},"jobDescription":"wererew"}],"educationBackground":[{"instituteName":"wer","degree":"wer","timePeriod":{"fromDate":"2017-12-13","toDate":"2017-12-28"},"designation":"ewrewrewrewr"}],"specialQualification":"ewrwerewrewr","language":[{"languageName":"werewr","rating":3}],"personalDetails":[{"fullname":"werewr","fatherName":"werewr","motherName":"rwewre","dateOfBirth":"2017-12-21","birthPlace":"werewr","nationality":"ewrewr","sex":"wer","address":"werewrewrerewrewr"}],"declaration":"werewrewrewrewrerewrerr"}
2017-12-28 19:55:19,083 [7] INFO jobportal.WebApiApplication - MyPortal after debug print
2018-01-02 14:11:41,350 [7] INFO jobportal.WebApiApplication - MyPortal
2018-01-02 17:31:21,622 [67] INFO jobportal.WebApiApplication - MyPortal
2018-01-02 17:31:21,712 [67] DEBUG jobportal.WebApiApplication - MyPortal: {"fullName":"sample","additionalInfo":"frewrertewrtewrte","userImage":{},"carrierObjective":"erterwterwterwt","workHistry":[{"compnayName":"ertew","designation":"wetet","timePeriod":{"fromDate":"2018-01-05","toDate":"2018-01-19"},"jobDescription":"eterter"}],"educationBackground":[{"instituteName":"fewt","degree":"ertgert","timePeriod":{"fromDate":"2018-01-12","toDate":"2018-01-26"},"designation":"etewrtewrt"}],"specialQualification":"etewrterwte","language":[{"languageName":"english","rating":4}],"personalDetails":[{"fullname":"sample","fatherName":"xxxxxx","motherName":"yyyyyy","dateOfBirth":"2018-01-01","birthPlace":"chennai","nationality":"indian","sex":"male","address":"address sample"}],"declaration":"fasasdfdsfaadesgegrtert"}
2018-01-02 17:31:21,712 [67] INFO jobportal.WebApiApplication - MyPortal after debug print
2018-01-02 19:41:30,479 [8] INFO jobportal.WebApiApplication - DefaultController/getJobposteddetails
2018-01-02 19:42:14,904 [8] INFO jobportal.WebApiApplication - DefaultController/getJobposteddetails
2018-01-02 19:42:40,255 [12] INFO jobportal.WebApiApplication - DefaultController/getJobposteddetails
2018-01-02 19:44:43,533 [8] INFO jobportal.WebApiApplication - DefaultController/getJobposteddetails
2018-01-02 19:44:44,613 [8] INFO jobportal.WebApiApplication - DefaultController/getJobposteddetails
2018-01-02 19:45:07,963 [8] INFO jobportal.WebApiApplication - DefaultController/getJobposteddetails
2018-01-02 19:45:09,303 [11] INFO jobportal.WebApiApplication - DefaultController/getJobposteddetails
2018-01-02 19:45:52,220 [11] INFO jobportal.WebApiApplication - DefaultController/getJobposteddetails
2018-01-02 19:45:53,301 [11] INFO jobportal.WebApiApplication - DefaultController/getJobposteddetails
2018-01-02 19:48:39,027 [11] INFO jobportal.WebApiApplication - DefaultController/getJobposteddetails
2018-01-02 20:09:14,926 [11] INFO jobportal.WebApiApplication - DefaultController/getJobposteddetails
2018-01-02 20:10:19,822 [22] INFO jobportal.WebApiApplication - DefaultController/getJobposteddetails
2018-01-02 20:10:21,761 [22] INFO jobportal.WebApiApplication - DefaultController/getJobposteddetails
2018-01-02 20:10:55,511 [11] INFO jobportal.WebApiApplication - DefaultController/getJobposteddetails
2018-01-02 20:10:56,942 [15] INFO jobportal.WebApiApplication - DefaultController/getJobposteddetails
2018-01-02 20:14:14,991 [15] INFO jobportal.WebApiApplication - DefaultController/getJobposteddetails
2018-01-02 20:14:16,330 [11] INFO jobportal.WebApiApplication - DefaultController/getJobposteddetails
2018-01-02 20:14:34,501 [15] INFO jobportal.WebApiApplication - DefaultController/getJobposteddetails
2018-01-02 20:14:35,990 [15] INFO jobportal.WebApiApplication - DefaultController/getJobposteddetails
2018-01-02 20:21:47,051 [15] INFO jobportal.WebApiApplication - DefaultController/getJobposteddetails
2018-01-02 20:24:18,765 [35] INFO jobportal.WebApiApplication - DefaultController/getJobposteddetails
2018-01-02 20:24:57,934 [35] INFO jobportal.WebApiApplication - DefaultController/getJobposteddetails
2018-01-02 20:26:37,340 [15] INFO jobportal.WebApiApplication - DefaultController/getJobposteddetails
2018-01-02 20:26:50,948 [15] INFO jobportal.WebApiApplication - DefaultController/getJobposteddetails
2018-01-02 20:30:58,608 [35] INFO jobportal.WebApiApplication - DefaultController/getJobposteddetails
2018-01-02 20:32:17,129 [36] INFO jobportal.WebApiApplication - DefaultController/getJobposteddetails
2018-01-02 20:32:26,703 [15] INFO jobportal.WebApiApplication - DefaultController/getJobposteddetails
2018-01-02 20:35:23,921 [35] INFO jobportal.WebApiApplication - DefaultController/getJobposteddetails
2018-01-02 20:35:24,288 [15] INFO jobportal.WebApiApplication - DefaultController/getJobposteddetails
2018-01-02 20:37:24,507 [35] INFO jobportal.WebApiApplication - DefaultController/getJobposteddetails
2018-01-02 20:37:26,403 [35] INFO jobportal.WebApiApplication - DefaultController/getJobposteddetails
2018-01-02 20:39:35,801 [15] INFO jobportal.WebApiApplication - DefaultController/getJobposteddetails
2018-01-02 20:39:52,078 [15] INFO jobportal.WebApiApplication - DefaultController/getJobposteddetails
2018-01-02 20:42:03,504 [35] INFO jobportal.WebApiApplication - DefaultController/getJobposteddetails
2018-01-02 20:47:44,714 [35] INFO jobportal.WebApiApplication - DefaultController/getJobposteddetails
2018-01-02 20:47:45,020 [15] INFO jobportal.WebApiApplication - DefaultController/getJobposteddetails
2018-01-02 20:47:55,665 [35] INFO jobportal.WebApiApplication - DefaultController/getJobposteddetails
2018-01-02 20:49:09,894 [35] INFO jobportal.WebApiApplication - DefaultController/getJobposteddetails
2018-01-02 20:49:11,134 [15] INFO jobportal.WebApiApplication - DefaultController/getJobposteddetails
2018-01-02 20:49:52,856 [15] INFO jobportal.WebApiApplication - DefaultController/getJobposteddetails
2018-01-02 20:49:54,879 [35] INFO jobportal.WebApiApplication - DefaultController/getJobposteddetails
2018-01-02 20:50:05,235 [35] INFO jobportal.WebApiApplication - DefaultController/getJobposteddetails
2018-01-02 20:50:06,540 [15] INFO jobportal.WebApiApplication - DefaultController/getJobposteddetails
2018-01-02 20:50:21,497 [15] INFO jobportal.WebApiApplication - DefaultController/getJobposteddetails
2018-01-02 20:50:22,260 [15] INFO jobportal.WebApiApplication - DefaultController/getJobposteddetails
2018-01-02 20:50:34,231 [35] INFO jobportal.WebApiApplication - DefaultController/getJobposteddetails
2018-01-02 20:50:36,160 [15] INFO jobportal.WebApiApplication - DefaultController/getJobposteddetails
2018-01-02 20:51:55,815 [35] INFO jobportal.WebApiApplication - DefaultController/getJobposteddetails
2018-01-02 20:51:57,121 [15] INFO jobportal.WebApiApplication - DefaultController/getJobposteddetails
2018-01-02 20:53:26,885 [35] INFO jobportal.WebApiApplication - DefaultController/getJobposteddetails
2018-01-02 20:53:28,413 [15] INFO jobportal.WebApiApplication - DefaultController/getJobposteddetails
2018-01-02 20:59:45,111 [39] INFO jobportal.WebApiApplication - DefaultController/getJobposteddetails
2018-01-02 20:59:46,952 [35] INFO jobportal.WebApiApplication - DefaultController/getJobposteddetails
2018-01-02 21:00:59,030 [40] INFO jobportal.WebApiApplication - DefaultController/getJobposteddetails
2018-01-02 21:01:22,528 [35] INFO jobportal.WebApiApplication - DefaultController/getJobposteddetails
2018-01-02 21:02:00,541 [25] INFO jobportal.WebApiApplication - DefaultController/getJobposteddetails
2018-01-02 21:04:33,723 [29] INFO jobportal.WebApiApplication - DefaultController/getJobposteddetails
2018-01-03 08:50:07,989 [340] INFO jobportal.WebApiApplication - DefaultController/getJobposteddetails
2018-01-03 08:52:13,892 [344] INFO jobportal.WebApiApplication - DefaultController/getJobposteddetails
2018-01-03 08:52:15,874 [337] INFO jobportal.WebApiApplication - DefaultController/getJobposteddetails
2018-01-03 08:54:00,627 [345] INFO jobportal.WebApiApplication - DefaultController/getJobposteddetails
2018-01-03 08:54:01,542 [338] INFO jobportal.WebApiApplication - DefaultController/getJobposteddetails
2018-01-03 08:55:11,098 [338] INFO jobportal.WebApiApplication - DefaultController/getJobposteddetails
2018-01-03 08:55:12,559 [342] INFO jobportal.WebApiApplication - DefaultController/getJobposteddetails
2018-01-03 08:57:24,308 [342] INFO jobportal.WebApiApplication - DefaultController/getJobposteddetails
2018-01-03 08:57:25,704 [338] INFO jobportal.WebApiApplication - DefaultController/getJobposteddetails
2018-01-03 08:58:34,651 [343] INFO jobportal.WebApiApplication - DefaultController/getJobposteddetails
2018-01-03 08:58:36,149 [343] INFO jobportal.WebApiApplication - DefaultController/getJobposteddetails
2018-01-03 08:59:09,316 [342] INFO jobportal.WebApiApplication - DefaultController/getJobposteddetails
2018-01-03 08:59:11,835 [342] INFO jobportal.WebApiApplication - DefaultController/getJobposteddetails
2018-01-03 08:59:25,027 [343] INFO jobportal.WebApiApplication - DefaultController/getJobposteddetails
2018-01-03 08:59:35,468 [343] INFO jobportal.WebApiApplication - DefaultController/getJobposteddetails
2018-01-03 08:59:36,195 [342] INFO jobportal.WebApiApplication - DefaultController/getJobposteddetails
2018-01-03 08:59:54,444 [342] INFO jobportal.WebApiApplication - DefaultController/getJobposteddetails
2018-01-03 08:59:55,769 [343] INFO jobportal.WebApiApplication - DefaultController/getJobposteddetails
2018-01-03 09:00:22,078 [343] INFO jobportal.WebApiApplication - DefaultController/getJobposteddetails
2018-01-03 09:00:23,164 [342] INFO jobportal.WebApiApplication - DefaultController/getJobposteddetails
2018-01-03 09:00:40,587 [342] INFO jobportal.WebApiApplication - DefaultController/getJobposteddetails
2018-01-03 09:00:42,423 [346] INFO jobportal.WebApiApplication - DefaultController/getJobposteddetails
2018-01-03 09:01:28,473 [346] INFO jobportal.WebApiApplication - DefaultController/getJobposteddetails
2018-01-03 09:01:29,945 [342] INFO jobportal.WebApiApplication - DefaultController/getJobposteddetails
2018-01-03 09:01:41,040 [346] INFO jobportal.WebApiApplication - DefaultController/getJobposteddetails
2018-01-03 09:01:44,146 [346] INFO jobportal.WebApiApplication - DefaultController/getJobposteddetails
2018-01-03 09:01:45,979 [346] INFO jobportal.WebApiApplication - DefaultController/getJobposteddetails
2018-01-03 09:02:31,504 [337] INFO jobportal.WebApiApplication - DefaultController/getJobposteddetails
2018-01-03 09:02:33,174 [337] INFO jobportal.WebApiApplication - DefaultController/getJobposteddetails
2018-01-03 09:02:51,537 [337] INFO jobportal.WebApiApplication - DefaultController/getJobposteddetails
2018-01-03 09:02:53,377 [337] INFO jobportal.WebApiApplication - DefaultController/getJobposteddetails
2018-01-03 09:03:52,992 [337] INFO jobportal.WebApiApplication - DefaultController/getJobposteddetails
2018-01-03 09:03:54,885 [337] INFO jobportal.WebApiApplication - DefaultController/getJobposteddetails
2018-01-03 09:05:57,835 [347] INFO jobportal.WebApiApplication - DefaultController/getJobposteddetails
2018-01-03 09:06:12,781 [347] INFO jobportal.WebApiApplication - DefaultController/getJobposteddetails
2018-01-03 09:06:16,285 [337] INFO jobportal.WebApiApplication - DefaultController/getJobposteddetails
2018-01-03 09:08:01,103 [345] INFO jobportal.WebApiApplication - DefaultController/getJobposteddetails
2018-01-03 09:08:02,151 [348] INFO jobportal.WebApiApplication - DefaultController/getJobposteddetails
2018-01-03 09:12:05,817 [349] INFO jobportal.WebApiApplication - DefaultController/getJobposteddetails
2018-01-03 09:12:07,535 [345] INFO jobportal.WebApiApplication - DefaultController/getJobposteddetails
2018-01-03 09:20:52,439 [338] INFO jobportal.WebApiApplication - DefaultController/getJobposteddetails
2018-01-03 09:20:53,322 [338] INFO jobportal.WebApiApplication - DefaultController/getJobposteddetails
2018-01-03 09:22:45,045 [17] INFO jobportal.WebApiApplication - DefaultController/getJobposteddetails
2018-01-03 09:22:45,690 [17] INFO jobportal.WebApiApplication - DefaultController/getJobposteddetails
2018-01-03 09:24:35,760 [341] INFO jobportal.WebApiApplication - DefaultController/getJobposteddetails
2018-01-03 09:24:36,533 [340] INFO jobportal.WebApiApplication - DefaultController/getJobposteddetails
2018-01-03 09:27:44,421 [350] INFO jobportal.WebApiApplication - DefaultController/getJobposteddetails
2018-01-03 09:27:45,634 [341] INFO jobportal.WebApiApplication - DefaultController/getJobposteddetails
2018-01-03 09:28:49,410 [338] INFO jobportal.WebApiApplication - DefaultController/getJobposteddetails
2018-01-03 09:28:49,939 [350] INFO jobportal.WebApiApplication - DefaultController/getJobposteddetails
2018-01-03 09:29:13,756 [338] INFO jobportal.WebApiApplication - DefaultController/getJobposteddetails
2018-01-03 09:29:14,638 [350] INFO jobportal.WebApiApplication - DefaultController/getJobposteddetails
2018-01-03 09:29:37,404 [338] INFO jobportal.WebApiApplication - DefaultController/getJobposteddetails
2018-01-03 09:30:44,076 [338] INFO jobportal.WebApiApplication - DefaultController/getJobposteddetails
2018-01-03 09:31:30,402 [338] INFO jobportal.WebApiApplication - DefaultController/getJobposteddetails
2018-01-03 09:31:31,187 [350] INFO jobportal.WebApiApplication - DefaultController/getJobposteddetails
2018-01-03 09:36:53,684 [345] INFO jobportal.WebApiApplication - DefaultController/getJobposteddetails
2018-01-03 09:36:54,525 [349] INFO jobportal.WebApiApplication - DefaultController/getJobposteddetails
2018-01-03 09:38:43,817 [342] INFO jobportal.WebApiApplication - DefaultController/getJobposteddetails
2018-01-03 09:38:45,060 [347] INFO jobportal.WebApiApplication - DefaultController/getJobposteddetails
2018-01-03 09:39:02,342 [347] INFO jobportal.WebApiApplication - DefaultController/getJobposteddetails
2018-01-03 09:39:03,003 [347] INFO jobportal.WebApiApplication - DefaultController/getJobposteddetails
2018-01-03 09:43:46,059 [346] INFO jobportal.WebApiApplication - DefaultController/getJobposteddetails
2018-01-03 09:43:47,238 [343] INFO jobportal.WebApiApplication - DefaultController/getJobposteddetails
2018-01-03 09:45:20,715 [351] INFO jobportal.WebApiApplication - DefaultController/getJobposteddetails
2018-01-03 09:45:22,059 [346] INFO jobportal.WebApiApplication - DefaultController/getJobposteddetails
2018-01-03 09:52:40,123 [348] INFO jobportal.WebApiApplication - DefaultController/getJobposteddetails
2018-01-03 09:52:40,844 [348] INFO jobportal.WebApiApplication - DefaultController/getJobposteddetails
2018-01-03 09:54:55,016 [348] INFO jobportal.WebApiApplication - DefaultController/getJobposteddetails
2018-01-03 09:54:56,264 [339] INFO jobportal.WebApiApplication - DefaultController/getJobposteddetails
2018-01-03 09:55:01,758 [339] INFO jobportal.WebApiApplication - DefaultController/getJobposteddetails
2018-01-03 09:55:24,865 [349] INFO jobportal.WebApiApplication - DefaultController/getJobposteddetails
2018-01-03 09:55:25,286 [339] INFO jobportal.WebApiApplication - DefaultController/getJobposteddetails
2018-01-03 09:55:55,021 [349] INFO jobportal.WebApiApplication - DefaultController/getJobposteddetails
2018-01-03 09:55:57,015 [339] INFO jobportal.WebApiApplication - DefaultController/getJobposteddetails
2018-01-03 09:56:17,062 [339] INFO jobportal.WebApiApplication - DefaultController/getJobposteddetails
2018-01-03 09:56:19,071 [349] INFO jobportal.WebApiApplication - DefaultController/getJobposteddetails
2018-01-03 09:58:35,630 [338] INFO jobportal.WebApiApplication - DefaultController/getJobposteddetails
2018-01-03 09:58:36,497 [17] INFO jobportal.WebApiApplication - DefaultController/getJobposteddetails
2018-01-03 09:58:54,388 [338] INFO jobportal.WebApiApplication - DefaultController/getJobposteddetails
2018-01-03 09:58:55,881 [17] INFO jobportal.WebApiApplication - DefaultController/getJobposteddetails
2018-01-03 09:59:23,175 [338] INFO jobportal.WebApiApplication - DefaultController/getJobposteddetails
2018-01-03 09:59:23,670 [17] INFO jobportal.WebApiApplication - DefaultController/getJobposteddetails
2018-01-03 09:59:36,515 [17] INFO jobportal.WebApiApplication - DefaultController/getJobposteddetails
2018-01-03 09:59:38,444 [338] INFO jobportal.WebApiApplication - DefaultController/getJobposteddetails
2018-01-03 09:59:52,553 [17] INFO jobportal.WebApiApplication - DefaultController/getJobposteddetails
2018-01-03 09:59:54,625 [348] INFO jobportal.WebApiApplication - DefaultController/getJobposteddetails
2018-01-03 10:00:23,206 [348] INFO jobportal.WebApiApplication - DefaultController/getJobposteddetails
2018-01-03 10:00:24,511 [17] INFO jobportal.WebApiApplication - DefaultController/getJobposteddetails
2018-01-03 10:01:37,327 [342] INFO jobportal.WebApiApplication - DefaultController/getJobposteddetails
2018-01-03 10:01:38,285 [342] INFO jobportal.WebApiApplication - DefaultController/getJobposteddetails
2018-01-03 10:03:15,426 [352] INFO jobportal.WebApiApplication - DefaultController/getJobposteddetails
2018-01-03 10:03:16,467 [352] INFO jobportal.WebApiApplication - DefaultController/getJobposteddetails
2018-01-03 10:03:24,129 [352] INFO jobportal.WebApiApplication - DefaultController/getJobposteddetails
2018-01-03 10:04:15,685 [342] INFO jobportal.WebApiApplication - DefaultController/getJobposteddetails
2018-01-03 10:04:16,845 [352] INFO jobportal.WebApiApplication - DefaultController/getJobposteddetails
2018-01-03 10:04:25,201 [351] INFO jobportal.WebApiApplication - DefaultController/getJobposteddetails
2018-01-03 10:04:26,160 [352] INFO jobportal.WebApiApplication - DefaultController/getJobposteddetails
2018-01-03 10:05:21,916 [344] INFO jobportal.WebApiApplication - DefaultController/getJobposteddetails
2018-01-03 10:05:23,087 [352] INFO jobportal.WebApiApplication - DefaultController/getJobposteddetails
2018-01-03 10:05:51,528 [351] INFO jobportal.WebApiApplication - DefaultController/getJobposteddetails
2018-01-03 10:05:53,162 [352] INFO jobportal.WebApiApplication - DefaultController/getJobposteddetails
2018-01-03 10:06:13,398 [344] INFO jobportal.WebApiApplication - DefaultController/getJobposteddetails
2018-01-03 10:06:14,355 [344] INFO jobportal.WebApiApplication - DefaultController/getJobposteddetails
2018-01-03 10:06:31,686 [344] INFO jobportal.WebApiApplication - DefaultController/getJobposteddetails
2018-01-03 10:06:32,810 [351] INFO jobportal.WebApiApplication - DefaultController/getJobposteddetails
2018-01-03 10:13:49,903 [341] INFO jobportal.WebApiApplication - DefaultController/getJobposteddetails
2018-01-03 10:13:51,658 [341] INFO jobportal.WebApiApplication - DefaultController/getJobposteddetails
2018-01-03 10:49:14,202 [357] INFO jobportal.WebApiApplication - DefaultController/getJobposteddetails
2018-01-03 10:49:35,944 [25] INFO jobportal.WebApiApplication - DefaultController/getJobposteddetails
2018-01-03 10:50:39,765 [25] INFO jobportal.WebApiApplication - DefaultController/getJobposteddetails
2018-01-03 10:50:58,772 [357] INFO jobportal.WebApiApplication - DefaultController/getJobposteddetails
2018-01-03 10:53:21,828 [40] INFO jobportal.WebApiApplication - DefaultController/getJobposteddetails
2018-01-03 10:57:34,998 [38] INFO jobportal.WebApiApplication - DefaultController/getJobposteddetails
2018-01-03 10:57:35,508 [39] INFO jobportal.WebApiApplication - DefaultController/getJobposteddetails
2018-01-03 11:00:04,438 [38] INFO jobportal.WebApiApplication - DefaultController/getJobposteddetails
2018-01-03 11:02:57,182 [43] INFO jobportal.WebApiApplication - DefaultController/getJobposteddetails
2018-01-03 11:03:36,777 [43] INFO jobportal.WebApiApplication - DefaultController/getJobposteddetails
2018-01-03 11:04:36,965 [29] INFO jobportal.WebApiApplication - DefaultController/getJobposteddetails
2018-01-03 11:04:37,104 [344] INFO jobportal.WebApiApplication - DefaultController/getJobposteddetails
2018-01-03 11:05:38,230 [29] INFO jobportal.WebApiApplication - DefaultController/getJobposteddetails
2018-01-03 11:05:46,741 [29] INFO jobportal.WebApiApplication - DefaultController/getJobposteddetails
2018-01-03 11:05:50,135 [43] INFO jobportal.WebApiApplication - DefaultController/getJobposteddetails
2018-01-03 11:05:53,321 [29] INFO jobportal.WebApiApplication - DefaultController/getJobposteddetails
2018-01-03 11:10:38,858 [29] INFO jobportal.WebApiApplication - DefaultController/getJobposteddetails
2018-01-03 11:10:40,118 [354] INFO jobportal.WebApiApplication - DefaultController/getJobposteddetails
2018-01-03 11:11:04,742 [29] INFO jobportal.WebApiApplication - DefaultController/getJobposteddetails
2018-01-03 11:11:05,872 [43] INFO jobportal.WebApiApplication - DefaultController/getJobposteddetails
2018-01-03 11:11:20,083 [43] INFO jobportal.WebApiApplication - DefaultController/getJobposteddetails
2018-01-03 11:11:20,826 [43] INFO jobportal.WebApiApplication - DefaultController/getJobposteddetails
2018-01-03 11:13:47,489 [29] INFO jobportal.WebApiApplication - DefaultController/getJobposteddetails
2018-01-03 11:14:28,849 [344] INFO jobportal.WebApiApplication - DefaultController/getJobposteddetails
2018-01-03 11:15:32,032 [344] INFO jobportal.WebApiApplication - DefaultController/getJobposteddetails
2018-01-03 11:20:58,456 [354] INFO jobportal.WebApiApplication - DefaultController/getJobposteddetails
2018-01-03 11:26:37,635 [354] INFO jobportal.WebApiApplication - DefaultController/getJobposteddetails
2018-01-03 11:27:26,601 [342] INFO jobportal.WebApiApplication - DefaultController/getJobposteddetails
2018-01-03 11:28:43,619 [342] INFO jobportal.WebApiApplication - DefaultController/getJobposteddetails
2018-01-03 11:28:45,016 [354] INFO jobportal.WebApiApplication - DefaultController/getJobposteddetails
2018-01-03 11:28:51,877 [342] INFO jobportal.WebApiApplication - DefaultController/getJobposteddetails
2018-01-03 11:28:52,931 [354] INFO jobportal.WebApiApplication - DefaultController/getJobposteddetails
2018-01-03 11:30:32,884 [354] INFO jobportal.WebApiApplication - DefaultController/getJobposteddetails
2018-01-03 11:31:07,850 [352] INFO jobportal.WebApiApplication - DefaultController/getJobposteddetails
2018-01-03 11:39:01,236 [352] INFO jobportal.WebApiApplication - DefaultController/getJobposteddetails
2018-01-03 11:44:11,935 [353] INFO jobportal.WebApiApplication - DefaultController/getJobposteddetails
2018-01-03 11:44:23,720 [346] INFO jobportal.WebApiApplication - DefaultController/getJobposteddetails
2018-01-03 11:45:01,209 [353] INFO jobportal.WebApiApplication - DefaultController/getJobposteddetails
2018-01-03 11:45:39,762 [346] INFO jobportal.WebApiApplication - DefaultController/getJobposteddetails
2018-01-03 11:46:18,953 [343] INFO jobportal.WebApiApplication - DefaultController/getJobposteddetails
2018-01-03 11:46:32,016 [343] INFO jobportal.WebApiApplication - DefaultController/getJobposteddetails
2018-01-03 11:48:16,022 [353] INFO jobportal.WebApiApplication - DefaultController/getJobposteddetails
2018-01-03 11:55:24,634 [343] INFO jobportal.WebApiApplication - DefaultController/getJobposteddetails
2018-01-03 11:58:07,371 [351] INFO jobportal.WebApiApplication - DefaultController/getJobposteddetails
2018-01-03 12:28:02,647 [25] INFO jobportal.WebApiApplication - DefaultController/getJobposteddetails
2018-01-03 14:14:02,856 [279] INFO jobportal.WebApiApplication - DefaultController/getJobposteddetails
2018-01-03 15:00:15,943 [347] INFO jobportal.WebApiApplication - DefaultController/getJobposteddetails
2018-01-03 15:02:15,663 [347] INFO jobportal.WebApiApplication - DefaultController/getJobposteddetails
2018-01-03 15:12:22,994 [349] INFO jobportal.WebApiApplication - DefaultController/getJobposteddetails
2018-01-03 15:13:43,973 [343] INFO jobportal.WebApiApplication - DefaultController/getJobposteddetails
2018-01-03 15:14:17,094 [39] INFO jobportal.WebApiApplication - DefaultController/getJobposteddetails
2018-01-03 15:23:04,560 [351] INFO jobportal.WebApiApplication - DefaultController/getJobposteddetails
2018-01-03 15:23:20,313 [351] INFO jobportal.WebApiApplication - DefaultController/getJobposteddetails
2018-01-03 15:23:53,597 [351] INFO jobportal.WebApiApplication - DefaultController/getJobposteddetails
2018-01-03 15:24:52,827 [39] INFO jobportal.WebApiApplication - DefaultController/getJobposteddetails
2018-01-03 16:32:36,483 [8] INFO jobportal.WebApiApplication - DefaultController/getJobposteddetails
2018-01-03 16:33:34,942 [18] INFO jobportal.WebApiApplication - DefaultController/getJobposteddetails
2018-01-03 16:35:52,125 [17] INFO jobportal.WebApiApplication - DefaultController/getJobposteddetails
2018-01-03 16:36:06,334 [18] INFO jobportal.WebApiApplication - DefaultController/getJobposteddetails
2018-01-03 16:36:50,680 [18] INFO jobportal.WebApiApplication - DefaultController/getJobposteddetails
2018-01-03 16:38:01,128 [18] INFO jobportal.WebApiApplication - DefaultController/getJobposteddetails
2018-01-03 17:03:52,798 [18] INFO jobportal.WebApiApplication - MyPortal
2018-01-03 17:03:55,342 [15] DEBUG jobportal.WebApiApplication - MyPortal: {"fullName":"sdada","additionalInfo":"asdasdasddsadads","userImage":{},"carrierObjective":"sdadasdadasdsadas","workHistry":[{"compnayName":"qwewqe","designation":"eqwew","timePeriod":{"fromDate":"2018-01-31","toDate":"2018-01-31"},"jobDescription":"qweqwewqe"}],"educationBackground":[{"instituteName":"wqew","degree":"qwe","timePeriod":{"fromDate":"2018-01-23","toDate":"2018-01-31"},"designation":"wewqeweqweqweqwwqeqwe"}],"specialQualification":"wqeqwewqeweqqweqweqweqwe","language":[{"languageName":"qweqw","rating":3}],"personalDetails":[{"fullname":"Vignesh","fatherName":"asdadas","motherName":"sadsadd","email":"sampath.K@dsrc.co.in","dateOfBirth":"2018-01-03","birthPlace":"dasdsda","nationality":"asdasd","sex":"asd","address":"asdasdasdasdasd"}],"declaration":"asdsdasdasdasdsasdasdasd"}
2018-01-03 17:03:55,773 [15] INFO jobportal.WebApiApplication - MyPortal after debug print
2018-01-03 17:11:31,910 [10] INFO jobportal.WebApiApplication - MyPortal
2018-01-03 17:11:31,980 [7] DEBUG jobportal.WebApiApplication - MyPortal: {"fullName":"dsfdsf","additionalInfo":"dsfdsfdfsfdsf","userImage":{},"carrierObjective":"dfsfdsfsdfsdff","workHistry":[{"compnayName":"dsfsfdsf","designation":"dsfd","timePeriod":{"fromDate":"2018-02-01","toDate":"2018-01-30"},"jobDescription":"asddasdasdasd"}],"educationBackground":[{"instituteName":"adsd","degree":"asd","timePeriod":{"fromDate":"2018-01-30","toDate":"2018-01-29"},"designation":"asdadasdasd"}],"specialQualification":"asdadasdasd","language":[{"languageName":"adsasd","rating":4}],"personalDetails":[{"fullname":"Vignesh","fatherName":"dsfsd","motherName":"dsfdsf","email":"sampath.k@dsrc.co.in","dateOfBirth":"2018-01-19","birthPlace":"asdasd","nationality":"asdasdsd","sex":"asdasdas","address":"asdasdasdasdass"}],"declaration":"asdasdsdasdsadsadsdsddsd"}
2018-01-03 17:11:31,980 [7] INFO jobportal.WebApiApplication - MyPortal after debug print
2018-01-03 17:36:53,485 [41] INFO jobportal.WebApiApplication - DefaultController/getJobposteddetails
2018-01-03 17:36:59,282 [43] INFO jobportal.WebApiApplication - DefaultController/getJobposteddetails
2018-01-03 17:44:20,300 [34] INFO jobportal.WebApiApplication - DefaultController/getJobposteddetails
2018-01-03 17:44:25,647 [31] INFO jobportal.WebApiApplication - DefaultController/getJobposteddetails
2018-01-03 17:45:26,310 [31] INFO jobportal.WebApiApplication - DefaultController/getJobposteddetails
2018-01-03 17:45:31,492 [31] INFO jobportal.WebApiApplication - DefaultController/getJobposteddetails
2018-01-03 17:45:35,572 [34] INFO jobportal.WebApiApplication - DefaultController/getJobposteddetails
2018-01-03 17:45:53,645 [34] INFO jobportal.WebApiApplication - DefaultController/getJobposteddetails
2018-01-03 17:48:35,854 [36] INFO jobportal.WebApiApplication - DefaultController/getJobposteddetails
2018-01-03 17:48:56,318 [36] INFO jobportal.WebApiApplication - DefaultController/getJobposteddetails
2018-01-03 18:15:13,071 [8] INFO jobportal.WebApiApplication - DefaultController/getJobposteddetails
2018-01-03 18:35:12,508 [37] INFO jobportal.WebApiApplication - DefaultController/getJobposteddetails
2018-01-03 18:35:50,133 [36] INFO jobportal.WebApiApplication - DefaultController/getJobposteddetails
2018-01-03 18:36:37,847 [38] INFO jobportal.WebApiApplication - DefaultController/getJobposteddetails
2018-01-03 18:37:00,989 [38] INFO jobportal.WebApiApplication - DefaultController/getJobposteddetails
2018-01-03 18:37:23,368 [38] INFO jobportal.WebApiApplication - DefaultController/getJobposteddetails
2018-01-03 18:43:04,870 [35] INFO jobportal.WebApiApplication - DefaultController/getJobposteddetails
2018-01-03 19:11:53,829 [11] INFO jobportal.WebApiApplication - MyPortal
2018-01-03 19:11:53,915 [7] DEBUG jobportal.WebApiApplication - MyPortal: {"fullName":"daeswadst","additionalInfo":"dturtdeuyrtyrtyrtyrt","userImage":{},"carrierObjective":"ryertyrteyerty","workHistry":[{"compnayName":"rtyret","designation":"erterterter","timePeriod":{"fromDate":"2018-01-05","toDate":"2018-01-17"},"jobDescription":"etrtewrterterty"}],"educationBackground":[{"instituteName":"etert","degree":"erterter","timePeriod":{"fromDate":"2018-01-04","toDate":"2018-01-09"},"designation":"tertertter"}],"specialQualification":"etrerwstertewsrerty","language":[{"languageName":"wre","rating":4}],"personalDetails":[{"fullname":"werrwe","fatherName":"awertweertwet","motherName":"wetewt","email":"sampath.k@dsrc.co.in","dateOfBirth":"2018-01-01","birthPlace":"afewrtewt","nationality":"ertert","sex":"eqwt","address":"wqetewtertetw"}],"declaration":"qwertewqteqwtertteqwteqwteqwteqw"}
2018-01-03 19:11:53,915 [7] INFO jobportal.WebApiApplication - MyPortal after debug print
2018-01-03 19:17:06,897 [10] INFO jobportal.WebApiApplication - MyPortal
2018-01-03 19:17:06,992 [7] DEBUG jobportal.WebApiApplication - MyPortal: {"fullName":"dsadasd","additionalInfo":"asdasdadsasda","userImage":{},"carrierObjective":"adasasdfasfasfa","workHistry":[{"compnayName":"fsfdsffa","designation":"asfasfasfafas","timePeriod":{"fromDate":"2018-01-01","toDate":"2018-01-02"},"jobDescription":"fdsfdssfsd"}],"educationBackground":[{"instituteName":"fasf","degree":"fsdfdsfasd","timePeriod":{"fromDate":"2018-01-01","toDate":"2018-01-03"},"designation":"fdsfsdfssdffsdsf"}],"specialQualification":"fdsfdsfsfsfsffdfdsf","language":[{"languageName":"fsds","rating":4}],"personalDetails":[{"fullname":"fffff","fatherName":"gdfgdfgdf","motherName":"dfgdfgdfgd","email":"sampath.k@dsrc.co.in","dateOfBirth":"2018-01-01","birthPlace":"xzfsfsdf","nationality":"afdasf","sex":"asdsag","address":"dfgdfgdfgdegedfgr"}],"declaration":"ergtefrtertertertertertert"}
2018-01-03 19:17:06,993 [7] INFO jobportal.WebApiApplication - MyPortal after debug print
2018-01-03 19:20:11,754 [7] INFO jobportal.WebApiApplication - MyPortal
2018-01-03 19:20:11,835 [5] DEBUG jobportal.WebApiApplication - MyPortal: {"fullName":"asdfsafr","additionalInfo":"sadfsdfdfadsfaf","userImage":{},"carrierObjective":"adsfadsfadsfadsf","workHistry":[{"compnayName":"adsfgdasgadsg","designation":"adsgtert","timePeriod":{"fromDate":"2018-01-01","toDate":"2018-01-04"},"jobDescription":"ertgerterwterwtert"}],"educationBackground":[{"instituteName":"ewrterterte","degree":"ertert","timePeriod":{"fromDate":"2018-01-01","toDate":"2018-01-04"},"designation":"erterwterterwtewrt"}],"specialQualification":"ertertwewrterwtertwerterterwt","language":[{"languageName":"ewt","rating":3}],"personalDetails":[{"fullname":"teste","fatherName":"gdfrtyerty","motherName":"rtyrtyrtyrt","email":"sampath.k@dsrc.co.in","dateOfBirth":"2018-01-02","birthPlace":"feqwtewrtewrt","nationality":"werwt","sex":"ewrt","address":"ewrterwterwtyerwy"}],"declaration":"wetrewrterwterwyewryewryerwyesw"}
2018-01-03 19:20:11,835 [5] INFO jobportal.WebApiApplication - MyPortal after debug print
2018-01-03 20:33:46,235 [5] INFO jobportal.WebApiApplication - MyPortal
2018-01-03 20:33:46,324 [5] DEBUG jobportal.WebApiApplication - MyPortal: {"fullName":"sample","additionalInfo":"asdfsdfdsfds","userImage":{},"carrierObjective":"fsdffeegeggrger","workHistry":[{"compnayName":"ewewtewrtew","designation":"wrewrtewrtewrt","timePeriod":{"fromDate":"2018-01-01","toDate":"2018-01-04"},"jobDescription":"ewtewqteqrteqwter"}],"educationBackground":[{"instituteName":"weqrtewqtqete","degree":"ertewtrewrert","timePeriod":{"fromDate":"2018-01-01","toDate":"2018-01-04"},"designation":"ewteqrteqrterterw"}],"specialQualification":"eqtwerteqrtwe","language":[{"languageName":"qwer","rating":3}],"personalDetails":[{"fullname":"sampath","fatherName":"ewrtewt","motherName":"twerw","email":"sampath.k@dsrc.co.in","dateOfBirth":"2018-01-01","birthPlace":"ewrewtew","nationality":"etret","sex":"etwe","address":"qewtewrtertert"}],"declaration":"rterterterterwterwterwy"}
2018-01-03 20:33:46,325 [5] INFO jobportal.WebApiApplication - MyPortal after debug print
2018-01-04 15:17:35,020 [11] INFO jobportal.WebApiApplication - DefaultController/getJobposteddetails
2018-01-04 15:20:53,865 [12] INFO jobportal.WebApiApplication - MyPortal
2018-01-04 15:20:53,964 [14] DEBUG jobportal.WebApiApplication - MyPortal: {"fullName":"sdfdsf","additionalInfo":"dsfdsgggdfggd","userImage":{},"carrierObjective":"dfgdgdgddfggdef","workHistry":[{"compnayName":"rgtderer","designation":"wtwerterwtewrt","timePeriod":{"fromDate":"2018-01-01","toDate":"2018-01-03"},"jobDescription":"erterterterwerw"}],"educationBackground":[{"instituteName":"etweteqw","degree":"qweteqrt","timePeriod":{"fromDate":"2018-01-02","toDate":"2018-01-03"},"designation":"eqtertertwertw"}],"specialQualification":"ewrteqrtertwerw","language":[{"languageName":"we","rating":4}],"personalDetails":[{"fullname":"wqeeweqrtw","fatherName":"ewtetwetw","motherName":"reterwertw","email":"sampath.k@dsrc.co.in","dateOfBirth":"2018-01-02","birthPlace":"sadfds","nationality":"afreert","sex":"adst","address":"aertertertwert"}],"declaration":"gerwtewtyerwtyerwywryw"}
2018-01-04 15:20:53,964 [14] INFO jobportal.WebApiApplication - MyPortal after debug print
2018-01-04 16:18:28,834 [8] INFO jobportal.WebApiApplication - DefaultController/getJobposteddetails
2018-01-04 17:39:01,187 [84] INFO jobportal.WebApiApplication - DefaultController/getJobposteddetails
2018-01-04 17:39:18,280 [85] INFO jobportal.WebApiApplication - DefaultController/getJobposteddetails
2018-01-04 17:39:40,351 [84] INFO jobportal.WebApiApplication - DefaultController/getJobposteddetails
2018-01-04 17:40:22,163 [84] INFO jobportal.WebApiApplication - DefaultController/getJobposteddetails
2018-01-04 17:40:33,258 [85] INFO jobportal.WebApiApplication - DefaultController/getJobposteddetails
2018-01-04 17:40:56,543 [84] INFO jobportal.WebApiApplication - DefaultController/getJobposteddetails
2018-01-04 17:42:47,363 [86] INFO jobportal.WebApiApplication - DefaultController/getJobposteddetails
2018-01-04 17:43:08,672 [87] INFO jobportal.WebApiApplication - DefaultController/getJobposteddetails
2018-01-04 17:43:53,378 [84] INFO jobportal.WebApiApplication - DefaultController/getJobposteddetails
2018-01-04 17:44:13,511 [84] INFO jobportal.WebApiApplication - DefaultController/getJobposteddetails
2018-01-04 17:45:59,210 [84] INFO jobportal.WebApiApplication - DefaultController/getJobposteddetails
2018-01-04 17:46:30,580 [87] INFO jobportal.WebApiApplication - DefaultController/getJobposteddetails
2018-01-04 17:47:52,826 [82] INFO jobportal.WebApiApplication - MyPortal
2018-01-04 17:47:52,907 [82] DEBUG jobportal.WebApiApplication - MyPortal: {"fullName":"sampathraj","additionalInfo":"sdfasfadsgdsfgdsf","userImage":{},"carrierObjective":"gdasgfsdgdsgdfsg","workHistry":[{"compnayName":"gsde","designation":"ererwerert","timePeriod":{"fromDate":"2018-01-02","toDate":"2018-01-05"},"jobDescription":"ertertewerw"}],"educationBackground":[{"instituteName":"ertewrtewr","degree":"ewrte","timePeriod":{"fromDate":"2018-01-02","toDate":"2018-01-05"},"designation":"erterterwtertw"}],"specialQualification":"ertwerwteretert","language":[{"languageName":"qertw","rating":4}],"personalDetails":[{"fullname":"sampath raj","fatherName":"dfasfrdsfg","motherName":"sdgdsgdsf","email":"sampath.k@dsrc.co.in","dateOfBirth":"2018-01-02","birthPlace":"adsfasdf","nationality":"asdfasf","sex":"asf","address":"aswefrewrtewqteqwt"}],"declaration":"eqwrterwtewterwtewteww"}
2018-01-04 17:47:52,907 [82] INFO jobportal.WebApiApplication - MyPortal after debug print
2018-01-09 11:43:07,990 [532] INFO jobportal.WebApiApplication - MyPortal
2018-01-09 11:43:08,130 [532] DEBUG jobportal.WebApiApplication - MyPortal: {"fullName":"sampath","additionalInfo":"address details","userImage":{},"carrierObjective":"good working man","workHistry":[{"compnayName":"demo","designation":"dev","timePeriod":{"fromDate":"2018-01-01","toDate":"2018-01-10"},"jobDescription":"xamarin dev"}],"educationBackground":[{"instituteName":"karpagam","degree":"mca","timePeriod":{"fromDate":"2018-01-01","toDate":"2018-01-04"},"designation":"get high score"}],"specialQualification":".net certified","language":[{"languageName":"tamil","rating":5}],"personalDetails":[{"fullname":"sampath raj","fatherName":"gandhi","motherName":"visalam","email":"sampath.k@dsrc.co.in","dateOfBirth":"2018-01-01","birthPlace":"chennai","nationality":"indian","sex":"male","address":"chennai,tamil nadu"}],"declaration":"above details are true"}
2018-01-09 11:43:08,130 [532] INFO jobportal.WebApiApplication - MyPortal after debug print
2018-01-09 12:00:31,042 [10] INFO jobportal.WebApiApplication - DefaultController/getJobposteddetails
2018-01-09 12:29:58,340 [26] INFO jobportal.WebApiApplication - MyPortal
2018-01-09 12:30:07,140 [33] DEBUG jobportal.WebApiApplication - MyPortal: {"fullName":"sample data","additionalInfo":"sfretertertrty","userImage":{},"carrierObjective":"gterterwtertert","workHistry":[{"compnayName":"ewrtrer","designation":"etrt","timePeriod":{"fromDate":"2018-01-01","toDate":"2018-01-04"},"jobDescription":"erterterterte"}],"educationBackground":[{"instituteName":"erter","degree":"erterter","timePeriod":{"fromDate":"2018-01-01","toDate":"2018-01-02"},"designation":"tertertert"}],"specialQualification":"tertertertert","language":[{"languageName":"ertert","rating":3}],"personalDetails":[{"fullname":"ddddddddd","fatherName":"ferewrewr","motherName":"rtewewrt","email":"sampath.k@dsrc.co.in","dateOfBirth":"2018-01-02","birthPlace":"erewr","nationality":"werewr","sex":"ewrew","address":"werewteqrwterwt"}],"declaration":"erterwtertertetertewtert"}
2018-01-09 12:30:07,699 [33] INFO jobportal.WebApiApplication - MyPortal after debug print
2018-01-09 12:54:03,039 [10] INFO jobportal.WebApiApplication - MyPortal
2018-01-09 12:54:05,337 [9] DEBUG jobportal.WebApiApplication - MyPortal: {"fullName":"sssss","additionalInfo":"ssssssssssssssss","userImage":{},"carrierObjective":"ssssssssssssssss","workHistry":[{"compnayName":"sssssss","designation":"ssssssssssssss","timePeriod":{"fromDate":"2018-01-01","toDate":"2018-01-03"},"jobDescription":"ssssssssssssssss"}],"educationBackground":[{"instituteName":"sssssss","degree":"sssssssssss","timePeriod":{"fromDate":"2018-01-01","toDate":"2018-01-03"},"designation":"sssssssssssssssss"}],"specialQualification":"sssssssssssssssssss","language":[{"languageName":"ssssss","rating":4}],"personalDetails":[{"fullname":"ssssssssssss","fatherName":"sssssssssssss","motherName":"sssssssssss","email":"sampath.k@dsrc.co.in","dateOfBirth":"2018-01-01","birthPlace":"sssssssssssssss","nationality":"sssssssssssss","sex":"ssssss","address":"sssssssssssssssss"}],"declaration":"ssssssssssssssssssssssss"}
2018-01-09 12:54:06,051 [9] INFO jobportal.WebApiApplication - MyPortal after debug print
2018-01-09 13:02:21,704 [12] INFO jobportal.WebApiApplication - MyPortal
2018-01-09 13:02:21,813 [12] DEBUG jobportal.WebApiApplication - MyPortal: {"fullName":"aaaaa","additionalInfo":"aaaaaaaaaaaaa","userImage":{},"carrierObjective":"aaaaaaaaaaaaaaa","workHistry":[{"compnayName":"aaaaaaa","designation":"aaaaaaaaaa","timePeriod":{"fromDate":"2018-01-01","toDate":"2018-01-02"},"jobDescription":"aaaaaaaaaaaaaaaaaa"}],"educationBackground":[{"instituteName":"aaaaaaa","degree":"aaaaaaaaa","timePeriod":{"fromDate":"2018-01-01","toDate":"2018-01-03"},"designation":"aaaaaaaaaaaa"}],"specialQualification":"aaaaaaaaaaaaaaaa","language":[{"languageName":"aaaaaa","rating":4}],"personalDetails":[{"fullname":"aaaaa","fatherName":"aaaaaaaaaa","motherName":"aaaaaaaaaaa","email":"sampath.k@dsrc.co.cin","dateOfBirth":"2018-01-01","birthPlace":"aaaaaaaaa","nationality":"aaaaaaaaa","sex":"aaaaa","address":"aaaaaaaaaaaaaa"}],"declaration":"aaaaaaaaaaaaaaaaaaaaaaaa"}
2018-01-09 13:02:21,813 [12] INFO jobportal.WebApiApplication - MyPortal after debug print
2018-01-09 13:12:14,412 [20] INFO jobportal.WebApiApplication - MyPortal
2018-01-09 13:12:14,416 [21] DEBUG jobportal.WebApiApplication - MyPortal: {"fullName":"bbbbb","additionalInfo":"bbbbbbbbbb","userImage":{},"carrierObjective":"bbbbbbbbbbbbbbbb","workHistry":[{"compnayName":"bbbbbbbbb","designation":"bbbbbbbbb","timePeriod":{"fromDate":"2018-01-01","toDate":"2018-01-02"},"jobDescription":"bbbbbbbbbbbbbbbb"}],"educationBackground":[{"instituteName":"bbbbbbbbb","degree":"bbbbbbbbb","timePeriod":{"fromDate":"2018-01-01","toDate":"2018-01-03"},"designation":"bbbbbbbbbbbbbb"}],"specialQualification":"bbbbbbbbbbbbbb","language":[{"languageName":"bbbb","rating":4}],"personalDetails":[{"fullname":"bbbbb","fatherName":"bbbbbbbbbbbb","motherName":"bbbbbbb","email":"sampath.k@dsrc.co.in","dateOfBirth":"2018-01-01","birthPlace":"bbbbbbbb","nationality":"bbbbbbbb","sex":"bbbbbbb","address":"bbbbbbbbbbbbbbbbb"}],"declaration":"bbbbbbbbbbbbbbbbbbbbbbbbb"}
2018-01-09 13:12:14,416 [21] INFO jobportal.WebApiApplication - MyPortal after debug print
2018-01-09 14:54:00,466 [7] INFO jobportal.WebApiApplication - MyPortal
2018-01-09 14:54:00,543 [8] DEBUG jobportal.WebApiApplication - MyPortal: {"fullName":"ccccc","additionalInfo":"cccccccccc","userImage":{},"carrierObjective":"sdfdsaftetrqet","workHistry":[{"compnayName":"trewtret","designation":"ttttreretret","timePeriod":{"fromDate":"2018-01-01","toDate":"2018-01-02"},"jobDescription":"dfgdetgdeerwttr"},{"compnayName":"dsaddfr","designation":"werewrewrewrw","timePeriod":{"fromDate":"2018-01-01","toDate":"2018-01-02"},"jobDescription":"frewrewrew"}],"educationBackground":[{"instituteName":"wreqewrew","degree":"tqewretret","timePeriod":{"fromDate":"2018-01-01","toDate":"2018-01-04"},"designation":"egewgerwerere"}],"specialQualification":"ewgegtreertgretret","language":[{"languageName":"etretre","rating":4},{"languageName":"tamuil","rating":5}],"personalDetails":[{"fullname":"ccccccdddd","fatherName":"fdgdfetgt","motherName":"ewtrrewtretret","email":"sampath.k@dsrc.co.in","dateOfBirth":"2018-01-01","birthPlace":"sdfsfswffqew","nationality":"efrewrrewr","sex":"rwewrw","address":"rewweewrewrewrr"}],"declaration":"reewrewtretwretwrytrwy"}
2018-01-09 14:54:00,543 [8] INFO jobportal.WebApiApplication - MyPortal after debug print
2018-01-09 14:57:29,470 [18] INFO jobportal.WebApiApplication - MyPortal
2018-01-09 14:57:29,473 [18] DEBUG jobportal.WebApiApplication - MyPortal: {"fullName":"test","additionalInfo":"gfdsggdfghfyhtreyr","userImage":{},"carrierObjective":"rtytreytreytreytreytryery","workHistry":[{"compnayName":"treytreyry","designation":"rrteytrey","timePeriod":{"fromDate":"2018-01-01","toDate":"2018-01-03"},"jobDescription":"rtreytreyrtyert"}],"educationBackground":[{"instituteName":"tyrtryrtyr","degree":"rtytrytry","timePeriod":{"fromDate":"2018-01-02","toDate":"2018-01-04"},"designation":"dfsgdfdftgtrew"}],"specialQualification":"ytrewytrwytrwywr","language":[{"languageName":"tamil","rating":4}],"personalDetails":[{"fullname":"sample","fatherName":"adgdfgdfgdfg","motherName":"grewtretrewt","email":"sampath.k@dsrc.co.in","dateOfBirth":"2018-01-01","birthPlace":"dffrtewt","nationality":"ertrewt","sex":"ertrew","address":"erwtrewtretrewt"}],"declaration":"ertretretrewtywreyrwty"}
2018-01-09 14:57:29,473 [18] INFO jobportal.WebApiApplication - MyPortal after debug print
2018-01-09 15:02:40,798 [7] INFO jobportal.WebApiApplication - DefaultController/getJobposteddetails
2018-01-09 16:48:16,396 [10] INFO jobportal.WebApiApplication - MyPortal
2018-01-09 16:48:16,444 [13] DEBUG jobportal.WebApiApplication - MyPortal: {"fullName":"adddd","additionalInfo":"rewrewrewrwer","userImage":{},"carrierObjective":"erwrewrewrewrewr","workHistry":[{"compnayName":"wrwewr","designation":"wer","timePeriod":{"fromDate":"2018-01-01","toDate":"2018-01-03"},"jobDescription":"werewrewewrwer"}],"educationBackground":[{"instituteName":"rwerew","degree":"wrewr","timePeriod":{"fromDate":"2018-01-01","toDate":"2018-01-04"},"designation":"ewrewrewrewrwer"}],"specialQualification":"rewrewrewrewr","language":[{"languageName":"wer","rating":4}],"personalDetails":[{"fullname":"sampathraj","fatherName":"xxxxxxxxx","motherName":"yyyyyyyyy","email":"sampath.k@dsrc.co.in","dateOfBirth":"2018-01-01","birthPlace":"fdsfdsfdsf","nationality":"fdsfewfr","sex":"male","address":"sddssdswwewew"}],"declaration":"dewewewewewewewewewew"}
2018-01-09 16:48:16,444 [13] INFO jobportal.WebApiApplication - MyPortal after debug print
2018-01-09 17:28:19,099 [19] INFO jobportal.WebApiApplication - MyPortal
2018-01-09 17:28:19,161 [19] DEBUG jobportal.WebApiApplication - MyPortal: {"fullName":"test","additionalInfo":"sffsdfsdfsdf","userImage":{},"carrierObjective":"fgfrrtyrtyrt","workHistry":[{"compnayName":"srerewr","designation":"erewrewrerw","timePeriod":{"fromDate":"2018-01-01","toDate":"2018-01-04"},"jobDescription":"werewrewrerw"}],"educationBackground":[{"instituteName":"tertertert","degree":"trewrtertw","timePeriod":{"fromDate":"2018-01-01","toDate":"2018-01-10"},"designation":"rewrewrwerwer"}],"specialQualification":"rwerewewrtewrrwe","language":[{"languageName":"rwer","rating":3}],"personalDetails":[{"fullname":"trwat","fatherName":"rewrewrewr","motherName":"wrewrewrwer","email":"sampath.k@dsrc.co.in","dateOfBirth":"2018-01-03","birthPlace":"fwerewrew","nationality":"erewrewr","sex":"rewr","address":"qwerqwerwerweq"}],"declaration":"werwrwerewrwerewrwew"}
2018-01-09 17:28:19,161 [19] INFO jobportal.WebApiApplication - MyPortal after debug print
2018-01-09 18:16:15,060 [51] INFO jobportal.WebApiApplication - MyPortal
2018-01-09 18:16:15,079 [52] DEBUG jobportal.WebApiApplication - MyPortal: {"fullName":"testing","additionalInfo":"dqwdqwqwqwqw","userImage":{},"carrierObjective":"dwqdqweqweqweqwe","workHistry":[{"compnayName":"ewqeqweqwe","designation":"eqweqwe","timePeriod":{"fromDate":"2018-01-01","toDate":"2018-01-02"},"jobDescription":"qeqweewqwewq"}],"educationBackground":[{"instituteName":"eqweqwewq","degree":"eqweqw","timePeriod":{"fromDate":"2018-01-01","toDate":"2018-01-03"},"designation":"eqweqwqweqweqw"}],"specialQualification":"eqweqweqweqweqwq","language":[{"languageName":"tamil","rating":5},{"languageName":"english","rating":5}],"personalDetails":[{"fullname":"teasting","fatherName":"fsdfdsdfdgt","motherName":"adsdgdgfadf","email":"sampath.k@dsrc.co.in","dateOfBirth":"2018-01-02","birthPlace":"faswdfdsdft","nationality":"rtertewrtrw","sex":"werewre","address":"werewrewrewrewr"}],"declaration":"erewrewrewrewrewrewrewrw"}
2018-01-09 18:16:15,079 [52] INFO jobportal.WebApiApplication - MyPortal after debug print
2018-01-09 18:18:54,931 [52] INFO jobportal.WebApiApplication - MyPortal
2018-01-09 18:18:54,933 [53] DEBUG jobportal.WebApiApplication - MyPortal: {"fullName":"test","additionalInfo":"gdetertertert","userImage":{},"carrierObjective":"rtertertertertert","workHistry":[{"compnayName":"terterter","designation":"terter","timePeriod":{"fromDate":"2018-01-01","toDate":"2018-01-02"},"jobDescription":"terterterteter"}],"educationBackground":[{"instituteName":"tertertwtw","degree":"tewewrter","timePeriod":{"fromDate":"2018-01-02","toDate":"2018-01-10"},"designation":"ewrtewewrrewrewrewr"}],"specialQualification":"rewewrewrewrewrr","language":[{"languageName":"english","rating":4},{"languageName":"tamill","rating":5}],"personalDetails":[{"fullname":"sampath","fatherName":"dsgtdtdert","motherName":"etetertert","email":"sampath.k@dsrc.co.in","dateOfBirth":"2018-01-01","birthPlace":"tdetertyerwtyrty","nationality":"wtywtyerwyrty","sex":"ewrtertyer","address":"ertetertertertert"}],"declaration":"testing data above dfdt"}
2018-01-09 18:18:54,933 [53] INFO jobportal.WebApiApplication - MyPortal after debug print
2018-01-09 18:28:08,553 [53] INFO jobportal.WebApiApplication - MyPortal
2018-01-09 18:28:08,561 [52] DEBUG jobportal.WebApiApplication - MyPortal: {"fullName":"sampath","additionalInfo":"address test","userImage":{},"carrierObjective":"testing data","workHistry":[{"compnayName":"testing data","designation":"testing data","timePeriod":{"fromDate":"2018-01-01","toDate":"2018-01-02"},"jobDescription":"testing data"}],"educationBackground":[{"instituteName":"testing data","degree":"testing data","timePeriod":{"fromDate":"2018-01-01","toDate":"2018-01-02"},"designation":"testing data"}],"specialQualification":"testing data","language":[{"languageName":"testing data","rating":4}],"personalDetails":[{"fullname":"sampath","fatherName":"testing data","motherName":"testing data","email":"sampath.k@dsrc.co.in","dateOfBirth":"2018-01-01","birthPlace":"testing data","nationality":"testing data","sex":"male","address":"testing data "}],"declaration":"testing data testing data"}
2018-01-09 18:28:08,561 [52] INFO jobportal.WebApiApplication - MyPortal after debug print
2018-01-10 13:16:24,177 [10] INFO jobportal.WebApiApplication - MyPortal
2018-01-10 13:16:24,229 [10] DEBUG jobportal.WebApiApplication - MyPortal: {"fullName":"sat","additionalInfo":"dsttertert","userImage":{},"carrierObjective":"t4t4t4ttt4t4t4","workHistry":[{"companyName":"reterter","designation":"ertertert","timePeriod":{"fromDate":"2018-01-01","toDate":"2018-01-02"},"jobDescription":"tretertere"}],"educationBackground":[{"instituteName":"ertret","degree":"reterter","timePeriod":{"fromDate":"2018-01-01","toDate":"2018-01-02"},"designation":"rtertertetete"}],"specialQualification":"erterterterter","language":[{"languageName":"rete","rating":3}],"personalDetails":[{"fullname":"treterter","fatherName":"terterter","motherName":"erterer","email":"sampath.k@dsrc.co.in","dateOfBirth":"2018-01-03","birthPlace":"rewrewwer","nationality":"erewwewer","sex":"erwewrewr","address":"werewrwerwerwer"}],"declaration":"ewrewrewrewrewrewrrew"}
2018-01-10 13:16:24,229 [10] INFO jobportal.WebApiApplication - MyPortal after debug print
2018-01-11 15:16:21,280 [479] INFO jobportal.WebApiApplication - DefaultController/getJobposteddetails
2018-01-11 15:17:07,632 [477] INFO jobportal.WebApiApplication - DefaultController/getJobposteddetails
2018-01-11 15:18:06,897 [476] INFO jobportal.WebApiApplication - DefaultController/getJobposteddetails
2018-01-11 15:18:57,827 [477] INFO jobportal.WebApiApplication - DefaultController/getJobposteddetails
2018-01-11 15:21:46,957 [476] INFO jobportal.WebApiApplication - DefaultController/getJobposteddetails
2018-01-11 15:37:58,608 [483] INFO jobportal.WebApiApplication - DefaultController/getJobposteddetails
2018-01-11 15:42:43,248 [488] INFO jobportal.WebApiApplication - DefaultController/getJobposteddetails
2018-01-11 15:55:17,367 [479] INFO jobportal.WebApiApplication - DefaultController/getJobposteddetails
2018-01-11 16:00:09,284 [507] INFO jobportal.WebApiApplication - DefaultController/getJobposteddetails
2018-01-12 14:42:27,601 [7] INFO jobportal.WebApiApplication - MyPortal
2018-01-12 14:47:56,587 [10] INFO jobportal.WebApiApplication - MyPortal
2018-01-12 14:47:56,632 [7] DEBUG jobportal.WebApiApplication - MyPortal: {"fullName":"sampath raj","additionalInfo":"my address","userImage":{},"carrierObjective":"get reward of good employee","workHistry":[{"companyName":"dsrc","designation":"dev","timePeriod":{"fromDate":"2018-01-05","toDate":"2018-01-06"},"jobDescription":"xamarin dev"}],"educationBackground":[{"instituteName":"aranai","degree":"mca","timePeriod":{"fromDate":"2018-01-01","toDate":"2018-01-03"},"designation":"post graduation"}],"specialQualification":"angular dev","language":[{"languageName":"tamil","rating":4}],"personalDetails":[{"fullname":"sampath raj","fatherName":"ghandhi","motherName":"saraswathi","email":"sampath.k@dsrc.co.in","dateOfBirth":"2018-01-01","birthPlace":"chennai","nationality":"indian","sex":"male","address":"chennai,tamil nadu"}],"declaration":"above details are true"}
2018-01-12 14:47:56,632 [7] INFO jobportal.WebApiApplication - MyPortal after debug print
2018-01-12 14:59:32,489 [17] INFO jobportal.WebApiApplication - MyPortal
2018-01-12 14:59:32,553 [8] DEBUG jobportal.WebApiApplication - MyPortal: {"fullName":"sample data","additionalInfo":"sample address","userImage":{},"carrierObjective":"sample data","workHistry":[{"companyName":"data","designation":"data","timePeriod":{"fromDate":"2018-01-01","toDate":"2018-01-03"},"jobDescription":"data"}],"educationBackground":[{"instituteName":"data","degree":"data","timePeriod":{"fromDate":"2018-01-01","toDate":"2018-01-04"},"designation":"data"}],"specialQualification":"sample data","language":[{"languageName":"tamil","rating":5}],"personalDetails":[{"fullname":"sample user","fatherName":"father","motherName":"mother","email":"sampath.k@dsrc.co.in","dateOfBirth":"2018-01-01","birthPlace":"chennai","nationality":"nation","sex":"male","address":"sample address"}],"declaration":"details are true above"}
2018-01-12 14:59:32,553 [8] INFO jobportal.WebApiApplication - MyPortal after debug print
2018-01-17 14:05:21,483 [9] INFO jobportal.WebApiApplication - DefaultController/getJobposteddetails
2018-01-17 14:06:08,075 [12] INFO jobportal.WebApiApplication - DefaultController/getJobposteddetails
2018-01-17 14:07:41,192 [9] INFO jobportal.WebApiApplication - DefaultController/getJobposteddetails
2018-01-17 14:19:21,303 [16] INFO jobportal.WebApiApplication - DefaultController/getJobposteddetails
2018-01-17 14:19:52,437 [19] INFO jobportal.WebApiApplication - DefaultController/getJobposteddetails
2018-01-17 14:23:35,500 [16] INFO jobportal.WebApiApplication - DefaultController/getJobposteddetails
2018-01-17 14:24:05,216 [16] INFO jobportal.WebApiApplication - DefaultController/getJobposteddetails
2018-01-17 14:24:52,117 [16] INFO jobportal.WebApiApplication - DefaultController/getJobposteddetails
2018-01-17 14:26:04,236 [16] INFO jobportal.WebApiApplication - DefaultController/getJobposteddetails
2018-01-17 14:35:22,374 [18] INFO jobportal.WebApiApplication - DefaultController/getJobposteddetails
2018-01-17 14:36:03,466 [18] INFO jobportal.WebApiApplication - DefaultController/getJobposteddetails
2018-01-17 14:38:23,036 [18] INFO jobportal.WebApiApplication - DefaultController/getJobposteddetails
2018-01-17 14:39:25,655 [18] INFO jobportal.WebApiApplication - DefaultController/getJobposteddetails
2018-01-17 14:40:43,040 [20] INFO jobportal.WebApiApplication - DefaultController/getJobposteddetails
2018-01-17 14:44:56,834 [20] INFO jobportal.WebApiApplication - DefaultController/getJobposteddetails
2018-01-17 14:45:24,047 [9] INFO jobportal.WebApiApplication - DefaultController/getJobposteddetails
2018-01-17 14:46:26,768 [9] INFO jobportal.WebApiApplication - DefaultController/getJobposteddetails
2018-01-17 14:48:32,850 [20] INFO jobportal.WebApiApplication - DefaultController/getJobposteddetails
2018-01-17 14:48:39,643 [9] INFO jobportal.WebApiApplication - DefaultController/getJobposteddetails
2018-01-17 14:48:51,373 [9] INFO jobportal.WebApiApplication - DefaultController/getJobposteddetails
2018-01-17 14:51:42,704 [13] INFO jobportal.WebApiApplication - DefaultController/getJobposteddetails
2018-01-17 14:53:18,920 [16] INFO jobportal.WebApiApplication - DefaultController/getJobposteddetails
2018-01-17 14:58:08,400 [13] INFO jobportal.WebApiApplication - DefaultController/getJobposteddetails
2018-01-17 14:58:39,391 [13] INFO jobportal.WebApiApplication - DefaultController/getJobposteddetails
2018-01-17 14:59:26,345 [6] INFO jobportal.WebApiApplication - DefaultController/getJobposteddetails
2018-01-17 14:59:42,542 [16] INFO jobportal.WebApiApplication - DefaultController/getJobposteddetails
2018-01-17 15:00:36,165 [6] INFO jobportal.WebApiApplication - DefaultController/getJobposteddetails
2018-01-17 15:04:28,156 [16] INFO jobportal.WebApiApplication - DefaultController/getJobposteddetails
2018-01-17 16:21:52,955 [65] INFO jobportal.WebApiApplication - DefaultController/getJobposteddetails
2018-01-17 16:22:42,233 [60] INFO jobportal.WebApiApplication - DefaultController/getJobposteddetails
2018-01-17 16:25:54,284 [64] INFO jobportal.WebApiApplication - DefaultController/getJobposteddetails
2018-01-17 16:26:39,451 [63] INFO jobportal.WebApiApplication - DefaultController/getJobposteddetails
2018-01-17 17:18:56,445 [33] INFO jobportal.WebApiApplication - DefaultController/getJobposteddetails
2018-01-19 11:01:24,461 [230] INFO jobportal.WebApiApplication - DefaultController/getJobposteddetails
2018-01-19 11:06:51,688 [233] INFO jobportal.WebApiApplication - DefaultController/getJobposteddetails
2018-01-19 11:08:22,952 [233] INFO jobportal.WebApiApplication - DefaultController/getJobposteddetails
2018-01-19 11:09:02,657 [233] INFO jobportal.WebApiApplication - DefaultController/getJobposteddetails
2018-01-19 11:09:31,865 [233] INFO jobportal.WebApiApplication - DefaultController/getJobposteddetails
2018-01-19 12:02:24,953 [233] INFO jobportal.WebApiApplication - DefaultController/getJobposteddetails
2018-01-19 12:07:55,765 [233] INFO jobportal.WebApiApplication - DefaultController/getJobposteddetails
2018-01-19 12:08:04,501 [233] INFO jobportal.WebApiApplication - DefaultController/getJobposteddetails
2018-01-19 12:18:13,193 [230] INFO jobportal.WebApiApplication - DefaultController/getJobposteddetails
2018-01-23 17:25:51,789 [233] INFO jobportal.WebApiApplication - DefaultController/getJobposteddetails
2018-01-23 17:26:17,660 [230] INFO jobportal.WebApiApplication - DefaultController/getJobposteddetails
2018-01-23 17:28:19,089 [230] INFO jobportal.WebApiApplication - DefaultController/getJobposteddetails
2018-01-23 17:29:25,816 [233] INFO jobportal.WebApiApplication - DefaultController/getJobposteddetails
2018-01-23 17:30:56,585 [233] INFO jobportal.WebApiApplication - DefaultController/getJobposteddetails
2018-01-23 17:38:57,736 [230] INFO jobportal.WebApiApplication - DefaultController/getJobposteddetails
2018-01-23 17:45:16,709 [230] INFO jobportal.WebApiApplication - DefaultController/getJobposteddetails
2018-01-23 17:46:41,389 [230] INFO jobportal.WebApiApplication - DefaultController/getJobposteddetails
2018-01-23 17:48:00,092 [230] INFO jobportal.WebApiApplication - DefaultController/getJobposteddetails
2018-01-23 17:53:45,337 [233] INFO jobportal.WebApiApplication - MyPortal
2018-01-23 17:53:45,437 [230] DEBUG jobportal.WebApiApplication - MyPortal: {"fullName":"sampale user","additionalInfo":"adresss data","userImage":{},"carrierObjective":"testing data","workHistry":[{"companyName":"test","designation":"test","timePeriod":{"fromDate":"2018-01-02","toDate":"2018-01-02"},"jobDescription":"testing"}],"educationBackground":[{"instituteName":"sample ","degree":"test","timePeriod":{"fromDate":"2018-01-02","toDate":"2018-01-03"},"designation":"testing"}],"specialQualification":"testing","language":[{"languageName":"english","rating":4}],"personalDetails":[{"fullname":"tamil","fatherName":"tester","motherName":"mother","email":"sampath.k@dsrc.co.in","dateOfBirth":"2018-01-01","birthPlace":"chennai","nationality":"indian","sex":"male","address":"test address"}],"declaration":"testing data put to server"}
2018-01-23 17:53:45,437 [230] INFO jobportal.WebApiApplication - MyPortal after debug print
2018-01-24 17:56:35,408 [456] INFO jobportal.WebApiApplication - DefaultController/getJobposteddetails
2018-01-24 17:57:22,170 [460] INFO jobportal.WebApiApplication - DefaultController/getJobposteddetails
2018-01-24 17:59:28,846 [460] INFO jobportal.WebApiApplication - DefaultController/getJobposteddetails
2018-01-24 19:11:57,475 [524] INFO jobportal.WebApiApplication - DefaultController/getJobposteddetails
2018-01-25 11:53:19,774 [625] INFO jobportal.WebApiApplication - DefaultController/getJobposteddetails
2018-01-25 11:55:01,260 [618] INFO jobportal.WebApiApplication - DefaultController/getJobposteddetails
2018-01-25 14:53:12,910 [580] INFO jobportal.WebApiApplication - DefaultController/getJobposteddetails
2018-01-25 19:32:27,945 [67] INFO jobportal.WebApiApplication - DefaultController/getJobposteddetails
2018-01-25 19:39:27,380 [71] INFO jobportal.WebApiApplication - DefaultController/getJobposteddetails
2018-01-25 19:39:56,694 [73] INFO jobportal.WebApiApplication - DefaultController/getJobposteddetails
2018-01-25 19:42:16,642 [72] INFO jobportal.WebApiApplication - DefaultController/getJobposteddetails
2018-02-12 20:12:57,464 [7] INFO jobportal.WebApiApplication - MyPortal
2018-02-12 20:14:44,143 [8] INFO jobportal.WebApiApplication - MyPortal
2018-02-12 20:14:46,145 [10] DEBUG jobportal.WebApiApplication - MyPortal: {"fullName":"sampath","additionalInfo":"","userImage":{},"carrierObjective":"","workHistry":[{"companyName":"","designation":"","timePeriod":{"fromDate":"","toDate":""},"jobDescription":""}],"educationBackground":[{"instituteName":"","degree":"","timePeriod":{"fromDate":"2018-05-22","toDate":""},"designation":""}],"specialQualification":"","language":[{"languageName":"","rating":""}],"personalDetails":[{"lastname":"raj","fatherName":"","motherName":"","email":"sampath@gmail.com","dateOfBirth":"2018-02-06","phoneNumber":"9876543210","birthPlace":"","nationality":"","sex":"","address":""}],"declaration":"","emailAlert":true}
2018-02-12 20:14:46,893 [10] INFO jobportal.WebApiApplication - MyPortal after debug print
2018-02-12 20:15:27,563 [10] ERROR jobportal.WebApiApplication - MyPortal : System.FormatException: String was not recognized as a valid DateTime.
   at System.DateTimeParse.Parse(String s, DateTimeFormatInfo dtfi, DateTimeStyles styles)
   at System.Convert.ToDateTime(String value)
   at jobportal.Controllers.DefaultController.<MyPortal>d__6.MoveNext() in C:\Users\sampath.k\Desktop\AngularJobSite\trunk\WebApi\jobportal\Controllers\DefaultController.cs:line 405
2018-02-12 20:16:06,001 [10] INFO jobportal.WebApiApplication - MyPortal
2018-02-12 20:16:07,288 [7] DEBUG jobportal.WebApiApplication - MyPortal: {"fullName":"sampath","additionalInfo":"","userImage":{},"carrierObjective":"","workHistry":[{"companyName":"","designation":"","timePeriod":{"fromDate":"","toDate":""},"jobDescription":""}],"educationBackground":[{"instituteName":"","degree":"","timePeriod":{"fromDate":"2018-05-22","toDate":""},"designation":""}],"specialQualification":"","language":[{"languageName":"","rating":""}],"personalDetails":[{"lastname":"raj","fatherName":"","motherName":"","email":"sampath@gmail.com","dateOfBirth":"2018-02-06","phoneNumber":"9876543210","birthPlace":"","nationality":"","sex":"","address":""}],"declaration":"","emailAlert":true}
2018-02-12 20:16:07,636 [7] INFO jobportal.WebApiApplication - MyPortal after debug print
2018-02-12 20:18:10,224 [7] ERROR jobportal.WebApiApplication - MyPortal : System.FormatException: String was not recognized as a valid DateTime.
   at System.DateTimeParse.Parse(String s, DateTimeFormatInfo dtfi, DateTimeStyles styles)
   at System.Convert.ToDateTime(String value)
   at jobportal.Controllers.DefaultController.<MyPortal>d__6.MoveNext() in C:\Users\sampath.k\Desktop\AngularJobSite\trunk\WebApi\jobportal\Controllers\DefaultController.cs:line 405
2018-02-12 20:20:20,413 [8] INFO jobportal.WebApiApplication - MyPortal
2018-02-12 20:20:22,413 [7] DEBUG jobportal.WebApiApplication - MyPortal: {"fullName":"sampath","additionalInfo":"","userImage":{},"carrierObjective":"","workHistry":[{"companyName":"","designation":"","timePeriod":{"fromDate":"","toDate":""},"jobDescription":""}],"educationBackground":[{"instituteName":"","degree":"","timePeriod":{"fromDate":"","toDate":""},"designation":""}],"specialQualification":"","language":[{"languageName":"","rating":""}],"personalDetails":[{"lastname":"raj","fatherName":"","motherName":"","email":"sampath.k@gamil.com","dateOfBirth":"2018-02-01","phoneNumber":"9876543210","birthPlace":"","nationality":"","sex":"","address":""}],"declaration":"","emailAlert":true}
2018-02-12 20:20:22,641 [7] INFO jobportal.WebApiApplication - MyPortal after debug print
2018-02-12 20:25:55,934 [8] INFO jobportal.WebApiApplication - MyPortal
2018-02-12 20:25:56,004 [7] DEBUG jobportal.WebApiApplication - MyPortal: {"fullName":"sampath","additionalInfo":"","userImage":{},"carrierObjective":"","workHistry":[{"companyName":"","designation":"","timePeriod":{"fromDate":"","toDate":""},"jobDescription":""}],"educationBackground":[{"instituteName":"","degree":"","timePeriod":{"fromDate":"","toDate":""},"designation":""}],"specialQualification":"","language":[{"languageName":"","rating":""}],"personalDetails":[{"lastname":"raj","fatherName":"","motherName":"","email":"sampath.k@dsrc.co.in","dateOfBirth":"2018-01-31","phoneNumber":"9876543210","birthPlace":"","nationality":"","sex":"","address":""}],"declaration":"","emailAlert":true}
2018-02-12 20:25:56,004 [7] INFO jobportal.WebApiApplication - MyPortal after debug print
2018-02-12 20:26:01,554 [7] ERROR jobportal.WebApiApplication - MyPortal : System.FormatException: String was not recognized as a valid DateTime.
   at System.DateTimeParse.Parse(String s, DateTimeFormatInfo dtfi, DateTimeStyles styles)
   at System.Convert.ToDateTime(String value)
   at jobportal.Controllers.DefaultController.<MyPortal>d__6.MoveNext() in C:\Users\sampath.k\Desktop\AngularJobSite\trunk\WebApi\jobportal\Controllers\DefaultController.cs:line 406
2018-02-12 20:26:11,651 [7] INFO jobportal.WebApiApplication - MyPortal
2018-02-12 20:26:13,718 [11] DEBUG jobportal.WebApiApplication - MyPortal: {"fullName":"sampath","additionalInfo":"","userImage":{},"carrierObjective":"","workHistry":[{"companyName":"","designation":"","timePeriod":{"fromDate":"","toDate":""},"jobDescription":""}],"educationBackground":[{"instituteName":"","degree":"","timePeriod":{"fromDate":"","toDate":""},"designation":""}],"specialQualification":"","language":[{"languageName":"","rating":""}],"personalDetails":[{"lastname":"raj","fatherName":"","motherName":"","email":"sampath.k@dsrc.co.in","dateOfBirth":"2018-01-31","phoneNumber":"9876543210","birthPlace":"","nationality":"","sex":"","address":""}],"declaration":"","emailAlert":true}
2018-02-12 20:26:13,883 [11] INFO jobportal.WebApiApplication - MyPortal after debug print
2018-02-12 20:32:50,450 [10] INFO jobportal.WebApiApplication - MyPortal
2018-02-12 20:32:50,534 [7] DEBUG jobportal.WebApiApplication - MyPortal: {"fullName":"sampath","additionalInfo":"","userImage":{},"carrierObjective":"","workHistry":[{"companyName":"","designation":"","timePeriod":{"fromDate":"","toDate":""},"jobDescription":""}],"educationBackground":[{"instituteName":"","degree":"","timePeriod":{"fromDate":"","toDate":""},"designation":""}],"specialQualification":"","language":[{"languageName":"","rating":""}],"personalDetails":[{"lastname":"Raj","fatherName":"","motherName":"","email":"sampath.k@dsrc.co.in","dateOfBirth":"2018-02-01","phoneNumber":"9876543210","birthPlace":"","nationality":"","sex":"","address":""}],"declaration":"","emailAlert":true}
2018-02-12 20:32:50,534 [7] INFO jobportal.WebApiApplication - MyPortal after debug print
2018-02-12 20:33:57,425 [7] ERROR jobportal.WebApiApplication - MyPortal : System.NullReferenceException: Object reference not set to an instance of an object.
   at jobportal.Controllers.DefaultController.<MyPortal>d__6.MoveNext() in C:\Users\sampath.k\Desktop\AngularJobSite\trunk\WebApi\jobportal\Controllers\DefaultController.cs:line 423
2018-02-12 20:34:04,599 [10] INFO jobportal.WebApiApplication - MyPortal
2018-02-12 20:34:04,622 [7] DEBUG jobportal.WebApiApplication - MyPortal: {"fullName":"sampath","additionalInfo":"","userImage":{},"carrierObjective":"","workHistry":[{"companyName":"","designation":"","timePeriod":{"fromDate":"","toDate":""},"jobDescription":""}],"educationBackground":[{"instituteName":"","degree":"","timePeriod":{"fromDate":"","toDate":""},"designation":""}],"specialQualification":"","language":[{"languageName":"","rating":""}],"personalDetails":[{"lastname":"Raj","fatherName":"","motherName":"","email":"sampath.k@dsrc.co.in","dateOfBirth":"2018-02-01","phoneNumber":"9876543210","birthPlace":"","nationality":"","sex":"","address":""}],"declaration":"","emailAlert":true}
2018-02-12 20:34:04,622 [7] INFO jobportal.WebApiApplication - MyPortal after debug print
2018-02-12 20:36:56,874 [8] INFO jobportal.WebApiApplication - MyPortal
2018-02-12 20:36:56,947 [8] DEBUG jobportal.WebApiApplication - MyPortal: {"fullName":"sampath","additionalInfo":"","userImage":{},"carrierObjective":"","workHistry":[{"companyName":"","designation":"","timePeriod":{"fromDate":"","toDate":""},"jobDescription":""}],"educationBackground":[{"instituteName":"","degree":"","timePeriod":{"fromDate":"","toDate":""},"designation":""}],"specialQualification":"","language":[{"languageName":"","rating":""}],"personalDetails":[{"lastname":"Raj","fatherName":"","motherName":"","email":"sampath.k@dsrc.co.in","dateOfBirth":"2018-01-31","phoneNumber":"9807654321","birthPlace":"","nationality":"","sex":"","address":""}],"declaration":"","emailAlert":true}
2018-02-12 20:36:56,947 [8] INFO jobportal.WebApiApplication - MyPortal after debug print
2018-02-12 20:40:29,597 [10] INFO jobportal.WebApiApplication - MyPortal
2018-02-12 20:40:29,647 [10] DEBUG jobportal.WebApiApplication - MyPortal: {"fullName":"testing","additionalInfo":null,"userImage":{},"carrierObjective":null,"workHistry":[{"companyName":null,"designation":null,"timePeriod":{"fromDate":null,"toDate":null},"jobDescription":null}],"educationBackground":[{"instituteName":null,"degree":null,"timePeriod":{"fromDate":null,"toDate":null},"designation":null}],"specialQualification":null,"language":[{"languageName":null,"rating":null}],"personalDetails":[{"lastname":"raj","fatherName":null,"motherName":null,"email":"sampath.k@dsrc.co.in","dateOfBirth":"2018-02-01","phoneNumber":"9876543210","birthPlace":null,"nationality":null,"sex":null,"address":null}],"declaration":null,"emailAlert":true}
2018-02-12 20:40:29,647 [10] INFO jobportal.WebApiApplication - MyPortal after debug print
2018-02-12 20:42:50,769 [25] INFO jobportal.WebApiApplication - MyPortal
2018-02-12 20:42:50,799 [10] DEBUG jobportal.WebApiApplication - MyPortal: {"fullName":"ganesh","additionalInfo":null,"userImage":{},"carrierObjective":null,"workHistry":[{"companyName":null,"designation":null,"timePeriod":{"fromDate":null,"toDate":null},"jobDescription":null}],"educationBackground":[{"instituteName":null,"degree":null,"timePeriod":{"fromDate":null,"toDate":null},"designation":null}],"specialQualification":null,"language":[{"languageName":null,"rating":null}],"personalDetails":[{"lastname":"kumar","fatherName":null,"motherName":null,"email":"ganeshkumar.s@dsrc.co.in","dateOfBirth":"2018-02-01","phoneNumber":"9087654321","birthPlace":null,"nationality":null,"sex":null,"address":null}],"declaration":null,"emailAlert":true}
2018-02-12 20:42:50,799 [10] INFO jobportal.WebApiApplication - MyPortal after debug print
2018-02-12 20:49:46,923 [10] INFO jobportal.WebApiApplication - MyPortal
2018-02-12 20:49:46,993 [10] DEBUG jobportal.WebApiApplication - MyPortal: {"fullName":"sampath","additionalInfo":null,"userImage":{},"carrierObjective":null,"workHistry":[{"companyName":null,"designation":null,"timePeriod":{"fromDate":null,"toDate":null},"jobDescription":null}],"educationBackground":[{"instituteName":null,"degree":null,"timePeriod":{"fromDate":null,"toDate":null},"designation":null}],"specialQualification":null,"language":[{"languageName":null,"rating":null}],"personalDetails":[{"lastname":"raj","fatherName":null,"motherName":null,"email":"sampath.k@dsrc.co.in","dateOfBirth":"2018-01-31","phoneNumber":"9087654322","birthPlace":null,"nationality":null,"sex":null,"address":null}],"declaration":null,"emailAlert":true}
2018-02-12 20:49:46,993 [10] INFO jobportal.WebApiApplication - MyPortal after debug print
2018-02-13 10:59:23,640 [487] INFO jobportal.WebApiApplication - DefaultController/getJobposteddetails
2018-02-13 11:00:16,037 [492] INFO jobportal.WebApiApplication - DefaultController/getJobposteddetails
2018-02-13 11:03:50,270 [22] INFO jobportal.WebApiApplication - DefaultController/getJobposteddetails
2018-02-13 11:05:25,618 [21] INFO jobportal.WebApiApplication - DefaultController/getJobposteddetails
2018-02-13 11:05:41,071 [22] INFO jobportal.WebApiApplication - DefaultController/getJobposteddetails
2018-02-13 11:05:56,165 [495] INFO jobportal.WebApiApplication - DefaultController/getJobposteddetails
2018-02-13 11:06:55,144 [22] INFO jobportal.WebApiApplication - DefaultController/getJobposteddetails
2018-02-13 11:07:17,431 [494] INFO jobportal.WebApiApplication - DefaultController/getJobposteddetails
2018-02-13 11:08:28,291 [22] INFO jobportal.WebApiApplication - DefaultController/getJobposteddetails
2018-02-13 11:09:57,980 [22] INFO jobportal.WebApiApplication - DefaultController/getJobposteddetails
2018-02-13 11:10:06,218 [494] INFO jobportal.WebApiApplication - DefaultController/getJobposteddetails
2018-02-13 12:07:36,724 [464] INFO jobportal.WebApiApplication - MyPortal
2018-02-13 12:07:36,748 [466] DEBUG jobportal.WebApiApplication - MyPortal: {"fullName":"sampath","additionalInfo":"","userImage":{},"carrierObjective":"","workHistry":[{"companyName":"","designation":"","timePeriod":{"fromDate":"2018-02-06T06:35:09.000Z","toDate":"2018-02-07T06:35:09.000Z"},"jobDescription":""}],"educationBackground":[{"instituteName":"","degree":"","timePeriod":{"fromDate":"2018-02-05T06:35:09.000Z","toDate":"2018-02-07T06:35:09.000Z"},"designation":""}],"specialQualification":"","language":[{"languageName":"","rating":""}],"personalDetails":[{"lastname":"raj","fatherName":"","motherName":"","email":"sampath.k@dsrc.co.in","dateOfBirth":"2018-02-06T06:35:09.000Z","phoneNumber":"9087654321","birthPlace":"","nationality":"","sex":"","address":""}],"declaration":"","emailAlert":true}
2018-02-13 12:07:36,748 [466] INFO jobportal.WebApiApplication - MyPortal after debug print
2018-02-13 12:19:51,040 [11] INFO jobportal.WebApiApplication - MyPortal
2018-02-13 12:19:51,087 [7] DEBUG jobportal.WebApiApplication - MyPortal: {"fullName":"guna","additionalInfo":null,"userImage":{},"carrierObjective":null,"workHistry":[{"companyName":null,"designation":null,"timePeriod":{"fromDate":null,"toDate":null},"jobDescription":null}],"educationBackground":[{"instituteName":null,"degree":null,"timePeriod":{"fromDate":null,"toDate":null},"designation":null}],"specialQualification":null,"language":[{"languageName":null,"rating":null}],"personalDetails":[{"lastname":"kumar","fatherName":null,"motherName":null,"email":"sampath.k@dsrc.co.in","dateOfBirth":"2018-02-08T06:35:09.000Z","phoneNumber":"9876054321","birthPlace":null,"nationality":null,"sex":null,"address":null}],"declaration":null,"emailAlert":true}
2018-02-13 12:19:51,087 [7] INFO jobportal.WebApiApplication - MyPortal after debug print
2018-02-13 13:04:51,266 [8] INFO jobportal.WebApiApplication - DefaultController/getJobposteddetails
2018-02-13 14:18:42,862 [41] INFO jobportal.WebApiApplication - DefaultController/getJobposteddetails
2018-02-13 14:22:07,078 [45] INFO jobportal.WebApiApplication - DefaultController/getJobposteddetails
2018-02-13 14:22:19,760 [45] INFO jobportal.WebApiApplication - DefaultController/getJobposteddetails
2018-02-13 14:22:45,042 [45] INFO jobportal.WebApiApplication - DefaultController/getJobposteddetails
2018-02-13 18:46:20,950 [7] INFO jobportal.WebApiApplication - DefaultController/getJobposteddetails
2018-02-14 16:53:20,283 [9] INFO jobportal.WebApiApplication - MyPortal
2018-02-14 16:53:20,321 [10] DEBUG jobportal.WebApiApplication - MyPortal: {"fullName":"sampath","email":"sampath.k@dsrc.co.in","phoneNumber":"9087654321","additionalInfo":"","userImage":{},"carrierObjective":"","workHistry":[{"companyName":"","designation":"","timePeriod":{"fromDate":"","toDate":""},"jobDescription":""}],"educationBackground":[{"instituteName":"","degree":"","timePeriod":{"fromDate":"","toDate":""},"designation":""}],"specialQualification":"","language":[{"languageName":"","rating":""}],"personalDetails":[{"lastname":"raj","fatherName":"","motherName":"","dateOfBirth":"2018-02-07T11:17:05.000Z","birthPlace":"","nationality":"","sex":"","address":""}],"declaration":"","emailAlert":true}
2018-02-14 16:53:20,321 [10] INFO jobportal.WebApiApplication - MyPortal after debug print
2018-02-14 16:57:17,426 [9] INFO jobportal.WebApiApplication - DefaultController/getJobposteddetails
2018-02-14 16:59:24,653 [12] INFO jobportal.WebApiApplication - DefaultController/getJobposteddetails
2018-02-14 17:01:41,368 [9] INFO jobportal.WebApiApplication - DefaultController/getJobposteddetails
2018-02-14 17:02:00,103 [5] INFO jobportal.WebApiApplication - DefaultController/getJobposteddetails
2018-02-14 19:38:26,754 [7] INFO jobportal.WebApiApplication - DefaultController/getJobposteddetails
2018-02-14 19:42:13,236 [8] INFO jobportal.WebApiApplication - DefaultController/getJobposteddetails
2018-02-14 19:44:04,411 [8] INFO jobportal.WebApiApplication - DefaultController/getJobposteddetails
2018-02-14 19:50:01,254 [7] INFO jobportal.WebApiApplication - DefaultController/getJobposteddetails
2018-02-14 19:53:05,857 [16] INFO jobportal.WebApiApplication - DefaultController/getJobposteddetails
2018-02-14 20:02:45,164 [8] INFO jobportal.WebApiApplication - DefaultController/getJobposteddetails
2018-02-14 20:06:38,021 [7] INFO jobportal.WebApiApplication - DefaultController/getJobposteddetails
2018-02-15 12:50:38,592 [417] INFO jobportal.WebApiApplication - DefaultController/getJobposteddetails
2018-02-15 12:51:20,668 [417] INFO jobportal.WebApiApplication - DefaultController/getJobposteddetails
2018-02-15 14:27:23,737 [383] INFO jobportal.WebApiApplication - DefaultController/getJobposteddetails
2018-02-15 14:28:05,211 [386] INFO jobportal.WebApiApplication - DefaultController/getJobposteddetails
2018-02-15 14:43:18,061 [416] INFO jobportal.WebApiApplication - DefaultController/getJobposteddetails
2018-02-15 17:29:00,014 [336] INFO jobportal.WebApiApplication - MyPortal
2018-02-15 17:29:00,089 [334] DEBUG jobportal.WebApiApplication - MyPortal: {"fullName":"sampath","email":"sampath.k@dsrc.co.in","phoneNumber":"9087654321","additionalInfo":"","userImage":{},"carrierObjective":"","workHistry":[{"companyName":"","designation":"","timePeriod":{"fromDate":"","toDate":""},"jobDescription":""}],"educationBackground":[{"instituteName":"","degree":"","timePeriod":{"fromDate":"","toDate":""},"designation":""}],"specialQualification":"","language":[{"languageName":"","rating":""}],"personalDetails":[{"lastname":"kumar","fatherName":"","motherName":"","dateOfBirth":"2017-12-31T18:30:00.000Z","birthPlace":"","nationality":"","sex":"","address":""}],"declaration":"","emailAlert":true}
2018-02-15 17:29:00,089 [334] INFO jobportal.WebApiApplication - MyPortal after debug print
2018-02-19 19:44:51,828 [7] INFO jobportal.WebApiApplication - DefaultController/getJobposteddetails
2018-02-19 19:46:39,745 [10] INFO jobportal.WebApiApplication - DefaultController/getJobposteddetails
2018-02-19 19:46:50,597 [7] INFO jobportal.WebApiApplication - DefaultController/getJobposteddetails
2018-02-19 19:47:16,592 [10] INFO jobportal.WebApiApplication - DefaultController/getJobposteddetails
2018-02-19 19:50:53,555 [11] INFO jobportal.WebApiApplication - DefaultController/getJobposteddetails
2018-02-19 19:51:02,766 [11] INFO jobportal.WebApiApplication - DefaultController/getJobposteddetails
2018-02-19 19:54:23,735 [17] INFO jobportal.WebApiApplication - DefaultController/getJobposteddetails
2018-02-19 19:56:05,168 [17] INFO jobportal.WebApiApplication - DefaultController/getJobposteddetails
2018-02-19 19:56:18,561 [17] INFO jobportal.WebApiApplication - DefaultController/getJobposteddetails
2018-02-19 19:59:52,138 [20] INFO jobportal.WebApiApplication - DefaultController/getJobposteddetails
2018-02-19 20:00:34,307 [22] INFO jobportal.WebApiApplication - DefaultController/getJobposteddetails
2018-02-19 20:05:39,191 [8] INFO jobportal.WebApiApplication - DefaultController/getJobposteddetails
2018-02-19 20:05:49,119 [22] INFO jobportal.WebApiApplication - DefaultController/getJobposteddetails
2018-02-19 20:08:19,409 [13] INFO jobportal.WebApiApplication - DefaultController/getJobposteddetails
2018-02-20 15:48:10,742 [494] INFO jobportal.WebApiApplication - DefaultController/getJobposteddetails
